###############################################################################
#                                                                             #
# IAR C/C++ Compiler V8.10.3.10338/W32 for 8051         11/Sep/2018  17:41:44 #
# Copyright 2004-2011 IAR Systems AB.                                         #
#                                                                             #
#    Core               =  plain                                              #
#    Code model         =  banked                                             #
#    Data model         =  large                                              #
#    Calling convention =  xdata reentrant                                    #
#    Constant location  =  data_rom                                           #
#    Dptr setup         =  1,16                                               #
#    Source file        =  C:\Users\Administrator\Desktop\Embed\day8\code\ZSt #
#                          ack-CC2530-2.3.0-1.4.0\Projects\zstack\Samples\Sam #
#                          pleApp\Source\SampleApp.c                          #
#    Command line       =  -f C:\Users\Administrator\Desktop\Embed\day8\code\ #
#                          ZStack-CC2530-2.3.0-1.4.0\Projects\zstack\Samples\ #
#                          SampleApp\CC2530DB\..\..\..\Tools\CC2530DB\f8wCoor #
#                          d.cfg (-DCPU32MHZ -DROOT=__near_func               #
#                          -DMAC_CFG_APP_PENDING_QUEUE=TRUE                   #
#                          -DZDO_COORDINATOR -DRTR_NWK -DBLINK_LEDS) -f       #
#                          C:\Users\Administrator\Desktop\Embed\day8\code\ZSt #
#                          ack-CC2530-2.3.0-1.4.0\Projects\zstack\Samples\Sam #
#                          pleApp\CC2530DB\..\..\..\Tools\CC2530DB\f8wConfig. #
#                          cfg (-DSECURE=0 -DZG_SECURE_DYNAMIC=0 -DREFLECTOR  #
#                          -DDEFAULT_CHANLIST=0x00000800                      #
#                          -DZDAPP_CONFIG_PAN_ID=0x99 -DNWK_START_DELAY=100   #
#                          -DEXTENDED_JOINING_RANDOM_MASK=0x007F              #
#                          -DBEACON_REQUEST_DELAY=100                         #
#                          -DBEACON_REQ_DELAY_MASK=0x00FF                     #
#                          -DROUTE_EXPIRY_TIME=30 -DAPSC_ACK_WAIT_DURATION_PO #
#                          LLED=3000 -DNWK_INDIRECT_MSG_TIMEOUT=7             #
#                          -DMAX_RREQ_ENTRIES=8 -DAPSC_MAX_FRAME_RETRIES=3    #
#                          -DNWK_MAX_DATA_RETRIES=2                           #
#                          -DMAX_POLL_FAILURE_RETRIES=2 -DMAX_BCAST=9         #
#                          -DAPS_MAX_GROUPS=16 -DMAX_RTG_ENTRIES=40           #
#                          -DNWK_MAX_BINDING_ENTRIES=4                        #
#                          -DMAX_BINDING_CLUSTER_IDS=4 "-DDEFAULT_KEY={0x01,  #
#                          0x03, 0x05, 0x07, 0x09, 0x0B, 0x0D, 0x0F, 0x00,    #
#                          0x02, 0x04, 0x06, 0x08, 0x0A, 0x0C, 0x0D}"         #
#                          -DMAC_MAX_FRAME_SIZE=116 "-DCONST=const __code"    #
#                          -DGENERIC=__generic -DRFD_RCVC_ALWAYS_ON=FALSE     #
#                          -DPOLL_RATE=1000 -DQUEUED_POLL_RATE=100            #
#                          -DRESPONSE_POLL_RATE=100) -DREJOIN_POLL_RATE=440   #
#                          C:\Users\Administrator\Desktop\Embed\day8\code\ZSt #
#                          ack-CC2530-2.3.0-1.4.0\Projects\zstack\Samples\Sam #
#                          pleApp\Source\SampleApp.c -D ZTOOL_P1 -D MT_TASK   #
#                          -D MT_SYS_FUNC -D MT_ZDO_FUNC -D                   #
#                          LCD_SUPPORTED=DEBUG -lC C:\Users\Administrator\Des #
#                          ktop\Embed\day8\code\ZStack-CC2530-2.3.0-1.4.0\Pro #
#                          jects\zstack\Samples\SampleApp\CC2530DB\Coordinato #
#                          rEB\List\ -lA C:\Users\Administrator\Desktop\Embed #
#                          \day8\code\ZStack-CC2530-2.3.0-1.4.0\Projects\zsta #
#                          ck\Samples\SampleApp\CC2530DB\CoordinatorEB\List\  #
#                          --diag_suppress Pe001,Pa010 -o                     #
#                          C:\Users\Administrator\Desktop\Embed\day8\code\ZSt #
#                          ack-CC2530-2.3.0-1.4.0\Projects\zstack\Samples\Sam #
#                          pleApp\CC2530DB\CoordinatorEB\Obj\ -e --debug      #
#                          --core=plain --dptr=16,1 --data_model=large        #
#                          --code_model=banked --calling_convention=xdata_ree #
#                          ntrant --place_constants=data_rom                  #
#                          --nr_virtual_regs 16 -I C:\Users\Administrator\Des #
#                          ktop\Embed\day8\code\ZStack-CC2530-2.3.0-1.4.0\Pro #
#                          jects\zstack\Samples\SampleApp\CC2530DB\ -I        #
#                          C:\Users\Administrator\Desktop\Embed\day8\code\ZSt #
#                          ack-CC2530-2.3.0-1.4.0\Projects\zstack\Samples\Sam #
#                          pleApp\CC2530DB\..\SOURCE\ -I                      #
#                          C:\Users\Administrator\Desktop\Embed\day8\code\ZSt #
#                          ack-CC2530-2.3.0-1.4.0\Projects\zstack\Samples\Sam #
#                          pleApp\CC2530DB\..\..\..\ZMAIN\TI2530DB\ -I        #
#                          C:\Users\Administrator\Desktop\Embed\day8\code\ZSt #
#                          ack-CC2530-2.3.0-1.4.0\Projects\zstack\Samples\Sam #
#                          pleApp\CC2530DB\..\..\..\..\..\COMPONENTS\MT\ -I   #
#                          C:\Users\Administrator\Desktop\Embed\day8\code\ZSt #
#                          ack-CC2530-2.3.0-1.4.0\Projects\zstack\Samples\Sam #
#                          pleApp\CC2530DB\..\..\..\..\..\COMPONENTS\HAL\INCL #
#                          UDE\ -I C:\Users\Administrator\Desktop\Embed\day8\ #
#                          code\ZStack-CC2530-2.3.0-1.4.0\Projects\zstack\Sam #
#                          ples\SampleApp\CC2530DB\..\..\..\..\..\COMPONENTS\ #
#                          HAL\TARGET\CC2530EB\ -I C:\Users\Administrator\Des #
#                          ktop\Embed\day8\code\ZStack-CC2530-2.3.0-1.4.0\Pro #
#                          jects\zstack\Samples\SampleApp\CC2530DB\..\..\..\. #
#                          .\..\COMPONENTS\OSAL\MCU\CCSOC\ -I                 #
#                          C:\Users\Administrator\Desktop\Embed\day8\code\ZSt #
#                          ack-CC2530-2.3.0-1.4.0\Projects\zstack\Samples\Sam #
#                          pleApp\CC2530DB\..\..\..\..\..\COMPONENTS\OSAL\INC #
#                          LUDE\ -I C:\Users\Administrator\Desktop\Embed\day8 #
#                          \code\ZStack-CC2530-2.3.0-1.4.0\Projects\zstack\Sa #
#                          mples\SampleApp\CC2530DB\..\..\..\..\..\COMPONENTS #
#                          \STACK\AF\ -I C:\Users\Administrator\Desktop\Embed #
#                          \day8\code\ZStack-CC2530-2.3.0-1.4.0\Projects\zsta #
#                          ck\Samples\SampleApp\CC2530DB\..\..\..\..\..\COMPO #
#                          NENTS\STACK\NWK\ -I C:\Users\Administrator\Desktop #
#                          \Embed\day8\code\ZStack-CC2530-2.3.0-1.4.0\Project #
#                          s\zstack\Samples\SampleApp\CC2530DB\..\..\..\..\.. #
#                          \COMPONENTS\STACK\SEC\ -I                          #
#                          C:\Users\Administrator\Desktop\Embed\day8\code\ZSt #
#                          ack-CC2530-2.3.0-1.4.0\Projects\zstack\Samples\Sam #
#                          pleApp\CC2530DB\..\..\..\..\..\COMPONENTS\STACK\SA #
#                          PI\ -I C:\Users\Administrator\Desktop\Embed\day8\c #
#                          ode\ZStack-CC2530-2.3.0-1.4.0\Projects\zstack\Samp #
#                          les\SampleApp\CC2530DB\..\..\..\..\..\COMPONENTS\S #
#                          TACK\SYS\ -I C:\Users\Administrator\Desktop\Embed\ #
#                          day8\code\ZStack-CC2530-2.3.0-1.4.0\Projects\zstac #
#                          k\Samples\SampleApp\CC2530DB\..\..\..\..\..\COMPON #
#                          ENTS\STACK\ZDO\ -I C:\Users\Administrator\Desktop\ #
#                          Embed\day8\code\ZStack-CC2530-2.3.0-1.4.0\Projects #
#                          \zstack\Samples\SampleApp\CC2530DB\..\..\..\..\..\ #
#                          COMPONENTS\ZMAC\F8W\ -I C:\Users\Administrator\Des #
#                          ktop\Embed\day8\code\ZStack-CC2530-2.3.0-1.4.0\Pro #
#                          jects\zstack\Samples\SampleApp\CC2530DB\..\..\..\. #
#                          .\..\COMPONENTS\ZMAC\ -I                           #
#                          C:\Users\Administrator\Desktop\Embed\day8\code\ZSt #
#                          ack-CC2530-2.3.0-1.4.0\Projects\zstack\Samples\Sam #
#                          pleApp\CC2530DB\..\..\..\..\..\COMPONENTS\SERVICES #
#                          \SADDR\ -I C:\Users\Administrator\Desktop\Embed\da #
#                          y8\code\ZStack-CC2530-2.3.0-1.4.0\Projects\zstack\ #
#                          Samples\SampleApp\CC2530DB\..\..\..\..\..\COMPONEN #
#                          TS\SERVICES\SDATA\ -I C:\Users\Administrator\Deskt #
#                          op\Embed\day8\code\ZStack-CC2530-2.3.0-1.4.0\Proje #
#                          cts\zstack\Samples\SampleApp\CC2530DB\..\..\..\..\ #
#                          ..\COMPONENTS\MAC\INCLUDE\ -I                      #
#                          C:\Users\Administrator\Desktop\Embed\day8\code\ZSt #
#                          ack-CC2530-2.3.0-1.4.0\Projects\zstack\Samples\Sam #
#                          pleApp\CC2530DB\..\..\..\..\..\COMPONENTS\MAC\HIGH #
#                          _LEVEL\ -I C:\Users\Administrator\Desktop\Embed\da #
#                          y8\code\ZStack-CC2530-2.3.0-1.4.0\Projects\zstack\ #
#                          Samples\SampleApp\CC2530DB\..\..\..\..\..\COMPONEN #
#                          TS\MAC\LOW_LEVEL\srf04\ -I                         #
#                          C:\Users\Administrator\Desktop\Embed\day8\code\ZSt #
#                          ack-CC2530-2.3.0-1.4.0\Projects\zstack\Samples\Sam #
#                          pleApp\CC2530DB\..\..\..\..\..\COMPONENTS\MAC\LOW_ #
#                          LEVEL\srf04\SINGLE_CHIP\ -Ohz                      #
#    List file          =  C:\Users\Administrator\Desktop\Embed\day8\code\ZSt #
#                          ack-CC2530-2.3.0-1.4.0\Projects\zstack\Samples\Sam #
#                          pleApp\CC2530DB\CoordinatorEB\List\SampleApp.lst   #
#    Object file        =  C:\Users\Administrator\Desktop\Embed\day8\code\ZSt #
#                          ack-CC2530-2.3.0-1.4.0\Projects\zstack\Samples\Sam #
#                          pleApp\CC2530DB\CoordinatorEB\Obj\SampleApp.r51    #
#                                                                             #
#                                                                             #
###############################################################################

C:\Users\Administrator\Desktop\Embed\day8\code\ZStack-CC2530-2.3.0-1.4.0\Projects\zstack\Samples\SampleApp\Source\SampleApp.c
      1          /**************************************************************************************************
      2            Filename:       SampleApp.c
      3            Revised:        $Date: 2009-03-18 15:56:27 -0700 (Wed, 18 Mar 2009) $
      4            Revision:       $Revision: 19453 $
      5          
      6            Description:    Sample Application (no Profile).
      7          
      8          
      9            Copyright 2007 Texas Instruments Incorporated. All rights reserved.
     10          
     11            IMPORTANT: Your use of this Software is limited to those specific rights
     12            granted under the terms of a software license agreement between the user
     13            who downloaded the software, his/her employer (which must be your employer)
     14            and Texas Instruments Incorporated (the "License").  You may not use this
     15            Software unless you agree to abide by the terms of the License. The License
     16            limits your use, and you acknowledge, that the Software may not be modified,
     17            copied or distributed unless embedded on a Texas Instruments microcontroller
     18            or used solely and exclusively in conjunction with a Texas Instruments radio
     19            frequency transceiver, which is integrated into your product.  Other than for
     20            the foregoing purpose, you may not use, reproduce, copy, prepare derivative
     21            works of, modify, distribute, perform, display or sell this Software and/or
     22            its documentation for any purpose.
     23          
     24            YOU FURTHER ACKNOWLEDGE AND AGREE THAT THE SOFTWARE AND DOCUMENTATION ARE
     25            PROVIDED AS IS?WITHOUT WARRANTY OF ANY KIND, EITHER EXPRESS OR IMPLIED,
     26            INCLUDING WITHOUT LIMITATION, ANY WARRANTY OF MERCHANTABILITY, TITLE,
     27            NON-INFRINGEMENT AND FITNESS FOR A PARTICULAR PURPOSE. IN NO EVENT SHALL
     28            TEXAS INSTRUMENTS OR ITS LICENSORS BE LIABLE OR OBLIGATED UNDER CONTRACT,
     29            NEGLIGENCE, STRICT LIABILITY, CONTRIBUTION, BREACH OF WARRANTY, OR OTHER
     30            LEGAL EQUITABLE THEORY ANY DIRECT OR INDIRECT DAMAGES OR EXPENSES
     31            INCLUDING BUT NOT LIMITED TO ANY INCIDENTAL, SPECIAL, INDIRECT, PUNITIVE
     32            OR CONSEQUENTIAL DAMAGES, LOST PROFITS OR LOST DATA, COST OF PROCUREMENT
     33            OF SUBSTITUTE GOODS, TECHNOLOGY, SERVICES, OR ANY CLAIMS BY THIRD PARTIES
     34            (INCLUDING BUT NOT LIMITED TO ANY DEFENSE THEREOF), OR OTHER SIMILAR COSTS.
     35          
     36            Should you have any questions regarding your right to use this Software,
     37            contact Texas Instruments Incorporated at www.TI.com.
     38          **************************************************************************************************/
     39          
     40          /*********************************************************************
     41            This application isn't intended to do anything useful, it is
     42            intended to be a simple example of an application's structure.
     43          
     44            This application sends it's messages either as broadcast or
     45            broadcast filtered group messages.  The other (more normal)
     46            message addressing is unicast.  Most of the other sample
     47            applications are written to support the unicast message model.
     48          
     49            Key control:
     50              SW1:  Sends a flash command to all devices in Group 1.
     51              SW2:  Adds/Removes (toggles) this device in and out
     52                    of Group 1.  This will enable and disable the
     53                    reception of the flash command.
     54          *********************************************************************/
     55          
     56          /*********************************************************************
     57           * INCLUDES
     58           */
     59          #include "OSAL.h"
     60          #include "ZGlobals.h"
     61          #include "AF.h"
     62          #include "aps_groups.h"
     63          #include "ZDApp.h"
     64          
     65          #include "SampleApp.h"
     66          #include "SampleAppHw.h"
     67          
     68          #include "OnBoard.h"

   \                                 In  segment SFR_AN, at 0x90
   \   union <unnamed> volatile __sfr _A_P1
   \                     _A_P1:
   \   000000                DS 1
     69          
     70          /* HAL */
     71          #include "hal_lcd.h"
     72          #include "hal_led.h"
     73          #include "hal_key.h"
     74          #include <string.h>
     75          #include "DHT11.h"
     76          
     77          //============================================
     78          
     79          #include "ZComDef.h"
     80          #include "hal_uart.h"
     81          #include "MT.h"
     82          #include "MT_UART.h"
     83          #include "OSAL_Memory.h"
     84          
     85          
     86          /*********************************************************************
     87           * MACROS
     88           */
     89          
     90          /*********************************************************************
     91           * CONSTANTS
     92           */
     93          
     94          /*********************************************************************
     95           * TYPEDEFS
     96           */
     97          
     98          /*********************************************************************
     99           * GLOBAL VARIABLES
    100           */
    101          
    102          // This list should be filled with Application specific Cluster IDs.

   \                                 In  segment XDATA_ROM_C, align 1
    103          const cId_t SampleApp_ClusterList[SAMPLEAPP_MAX_CLUSTERS] =
   \                     SampleApp_ClusterList:
   \   000000   0100         DW 1
   \   000002   0200         DW 2
    104          {
    105            SAMPLEAPP_PERIODIC_CLUSTERID,
    106            SAMPLEAPP_FLASH_CLUSTERID
    107          };
    108          

   \                                 In  segment XDATA_ROM_C, align 1
    109          const SimpleDescriptionFormat_t SampleApp_SimpleDesc =
   \                     SampleApp_SimpleDesc:
   \   000000   14           DB 20
   \   000001   080F         DW 3848
   \   000003   0100         DW 1
   \   000005   00           DB 0
   \   000006   02           DB 2
   \   000007   ....         DW SampleApp_ClusterList
   \   000009   02           DB 2
   \   00000A   ....         DW SampleApp_ClusterList
    110          {
    111            SAMPLEAPP_ENDPOINT,              //  int Endpoint;
    112            SAMPLEAPP_PROFID,                //  uint16 AppProfId[2];
    113            SAMPLEAPP_DEVICEID,              //  uint16 AppDeviceId[2];
    114            SAMPLEAPP_DEVICE_VERSION,        //  int   AppDevVer:4;
    115            SAMPLEAPP_FLAGS,                 //  int   AppFlags:4;
    116            SAMPLEAPP_MAX_CLUSTERS,          //  uint8  AppNumInClusters;
    117            (cId_t *)SampleApp_ClusterList,  //  uint8 *pAppInClusterList;
    118            SAMPLEAPP_MAX_CLUSTERS,          //  uint8  AppNumInClusters;
    119            (cId_t *)SampleApp_ClusterList   //  uint8 *pAppInClusterList;
    120          };
    121          
    122          // This is the Endpoint/Interface description.  It is defined here, but
    123          // filled-in in SampleApp_Init().  Another way to go would be to fill
    124          // in the structure here and make it a "const" (in code space).  The
    125          // way it's defined in this sample app it is define in RAM.

   \                                 In  segment XDATA_Z, align 1, keep-with-next
    126          endPointDesc_t SampleApp_epDesc;
   \                     SampleApp_epDesc:
   \   000000                DS 6
   \   000006                REQUIRE __INIT_XDATA_Z
    127          
    128          /*********************************************************************
    129           * EXTERNAL VARIABLES
    130           */
    131          
    132          /*********************************************************************
    133           * EXTERNAL FUNCTIONS
    134           */
    135          
    136          /*********************************************************************
    137           * LOCAL VARIABLES
    138           */

   \                                 In  segment XDATA_Z, align 1, keep-with-next
    139          uint8 SampleApp_TaskID;   // Task ID for internal task/event processing
   \                     SampleApp_TaskID:
   \   000000                DS 1
   \   000001                REQUIRE __INIT_XDATA_Z
    140                                    // This variable will be received when
    141                                    // SampleApp_Init() is called.

   \                                 In  segment XDATA_Z, align 1, keep-with-next
    142          devStates_t SampleApp_NwkState;
   \                     SampleApp_NwkState:
   \   000000                DS 1
   \   000001                REQUIRE __INIT_XDATA_Z
    143          

   \                                 In  segment XDATA_Z, align 1, keep-with-next
    144          uint8 SampleApp_TransID;  // This is the unique message ID (counter)
   \                     SampleApp_TransID:
   \   000000                DS 1
   \   000001                REQUIRE __INIT_XDATA_Z
    145          

   \                                 In  segment XDATA_Z, align 1, keep-with-next
    146          afAddrType_t SampleApp_Periodic_DstAddr;
   \                     SampleApp_Periodic_DstAddr:
   \   000000                DS 12
   \   00000C                REQUIRE __INIT_XDATA_Z

   \                                 In  segment XDATA_Z, align 1, keep-with-next
    147          afAddrType_t SampleApp_Flash_DstAddr;
   \                     SampleApp_Flash_DstAddr:
   \   000000                DS 12
   \   00000C                REQUIRE __INIT_XDATA_Z
    148          

   \                                 In  segment XDATA_Z, align 1, keep-with-next
    149          aps_Group_t SampleApp_Group;
   \                     SampleApp_Group:
   \   000000                DS 18
   \   000012                REQUIRE __INIT_XDATA_Z
    150          

   \                                 In  segment XDATA_Z, align 1, keep-with-next
    151          uint8 SampleAppPeriodicCounter = 0;
   \                     SampleAppPeriodicCounter:
   \   000000                DS 1
   \   000001                REQUIRE __INIT_XDATA_Z

   \                                 In  segment XDATA_Z, align 1, keep-with-next
    152          uint8 SampleAppFlashCounter = 0;
   \                     SampleAppFlashCounter:
   \   000000                DS 1
   \   000001                REQUIRE __INIT_XDATA_Z
    153          
    154          /*********************************************************************
    155           * LOCAL FUNCTIONS
    156           */
    157          void SampleApp_HandleKeys( uint8 shift, uint8 keys );
    158          void SampleApp_MessageMSGCB( afIncomingMSGPacket_t *pckt );
    159          void SampleApp_SendPeriodicMessage( void );
    160          void SampleApp_SendFlashMessage( uint16 flashTime );
    161          
    162          /*********************************************************************
    163           * NETWORK LAYER CALLBACKS
    164           */
    165          
    166          /*********************************************************************
    167           * PUBLIC FUNCTIONS
    168           */
    169          
    170          /*********************************************************************
    171           * @fn      SampleApp_Init
    172           *
    173           * @brief   Initialization function for the Generic App Task.
    174           *          This is called during initialization and should contain
    175           *          any application specific initialization (ie. hardware
    176           *          initialization/setup, table initialization, power up
    177           *          notificaiton ... ).
    178           *
    179           * @param   task_id - the ID assigned by OSAL.  This ID should be
    180           *                    used to send messages and set timers.
    181           *
    182           * @return  none
    183           */

   \                                 In  segment BANKED_CODE, align 1, keep-with-next
    184          void SampleApp_Init( uint8 task_id )
   \                     SampleApp_Init:
    185          {
   \   000000   74F5         MOV     A,#-0xb
   \   000002   12....       LCALL   ?BANKED_ENTER_XDATA
   \   000005                ; Saved register size: 11
   \   000005                ; Auto size: 0
   \   000005   E9           MOV     A,R1
   \   000006   FE           MOV     R6,A
    186            SampleApp_TaskID = task_id;
   \   000007   90....       MOV     DPTR,#SampleApp_TaskID
   \   00000A   F0           MOVX    @DPTR,A
    187            SampleApp_NwkState = DEV_INIT;
   \   00000B   90....       MOV     DPTR,#SampleApp_NwkState
   \   00000E   7401         MOV     A,#0x1
   \   000010   F0           MOVX    @DPTR,A
    188            SampleApp_TransID = 0;
   \   000011   90....       MOV     DPTR,#SampleApp_TransID
   \   000014   E4           CLR     A
   \   000015   F0           MOVX    @DPTR,A
    189          
    190            //初始化串口，打印字符
    191            MT_UartInit();
   \   000016                ; Setup parameters for call to function MT_UartInit
   \   000016   12....       LCALL   ??MT_UartInit?relay
    192            MT_UartRegisterTaskID(task_id);
   \   000019                ; Setup parameters for call to function MT_UartRegisterTaskID
   \   000019   EE           MOV     A,R6
   \   00001A   F9           MOV     R1,A
   \   00001B   12....       LCALL   ??MT_UartRegisterTaskID?relay
    193            
    194            
    195            //use serial port
    196           
    197            // HalUARTWrite(0,str,len);
    198           
    199            
    200            
    201            
    202            
    203            // Device hardware initialization can be added here or in main() (Zmain.c).
    204            // If the hardware is application specific - add it here.
    205            // If the hardware is other parts of the device add it in main().
    206          
    207           #if defined ( BUILD_ALL_DEVICES )
    208            // The "Demo" target is setup to have BUILD_ALL_DEVICES and HOLD_AUTO_START
    209            // We are looking at a jumper (defined in SampleAppHw.c) to be jumpered
    210            // together - if they are - we will start up a coordinator. Otherwise,
    211            // the device will start as a router.
    212            if ( readCoordinatorJumper() )
    213              zgDeviceLogicalType = ZG_DEVICETYPE_COORDINATOR;
    214            else
    215              zgDeviceLogicalType = ZG_DEVICETYPE_ROUTER;
    216          #endif // BUILD_ALL_DEVICES
    217          
    218          #if defined ( HOLD_AUTO_START )
    219            // HOLD_AUTO_START is a compile option that will surpress ZDApp
    220            //  from starting the device and wait for the application to
    221            //  start the device.
    222            ZDOInitDevice(0);
    223          #endif
    224          
    225            // Setup for the periodic message's destination address
    226            // Broadcast to everyone
    227            SampleApp_Periodic_DstAddr.addrMode = (afAddrMode_t)AddrBroadcast;
   \   00001E   90....       MOV     DPTR,#SampleApp_Periodic_DstAddr + 8
   \   000021   740F         MOV     A,#0xf
   \   000023   F0           MOVX    @DPTR,A
    228            SampleApp_Periodic_DstAddr.endPoint = SAMPLEAPP_ENDPOINT;
   \   000024   A3           INC     DPTR
   \   000025   7414         MOV     A,#0x14
   \   000027   F0           MOVX    @DPTR,A
    229            SampleApp_Periodic_DstAddr.addr.shortAddr = 0xFFFF;
   \   000028   90....       MOV     DPTR,#SampleApp_Periodic_DstAddr
   \   00002B   74FF         MOV     A,#-0x1
   \   00002D   F0           MOVX    @DPTR,A
   \   00002E   A3           INC     DPTR
   \   00002F   F0           MOVX    @DPTR,A
    230          
    231            // Setup for the flash command's destination address - Group 1
    232            SampleApp_Flash_DstAddr.addrMode = (afAddrMode_t)afAddrGroup;
   \   000030   90....       MOV     DPTR,#SampleApp_Flash_DstAddr + 8
   \   000033   7401         MOV     A,#0x1
   \   000035   F0           MOVX    @DPTR,A
    233            SampleApp_Flash_DstAddr.endPoint = SAMPLEAPP_ENDPOINT;
   \   000036   A3           INC     DPTR
   \   000037   7414         MOV     A,#0x14
   \   000039   F0           MOVX    @DPTR,A
    234            SampleApp_Flash_DstAddr.addr.shortAddr = SAMPLEAPP_FLASH_GROUP;
   \   00003A   90....       MOV     DPTR,#SampleApp_Flash_DstAddr
   \   00003D   7401         MOV     A,#0x1
   \   00003F   F0           MOVX    @DPTR,A
   \   000040   A3           INC     DPTR
   \   000041   E4           CLR     A
   \   000042   F0           MOVX    @DPTR,A
    235          
    236            // Fill out the endpoint description.
    237            SampleApp_epDesc.endPoint = SAMPLEAPP_ENDPOINT;
   \   000043   90....       MOV     DPTR,#SampleApp_epDesc
   \   000046   7414         MOV     A,#0x14
   \   000048   F0           MOVX    @DPTR,A
    238            SampleApp_epDesc.task_id = &SampleApp_TaskID;
   \   000049   A3           INC     DPTR
   \   00004A   74..         MOV     A,#SampleApp_TaskID & 0xff
   \   00004C   F0           MOVX    @DPTR,A
   \   00004D   A3           INC     DPTR
   \   00004E   74..         MOV     A,#(SampleApp_TaskID >> 8) & 0xff
   \   000050   F0           MOVX    @DPTR,A
    239            SampleApp_epDesc.simpleDesc
    240                      = (SimpleDescriptionFormat_t *)&SampleApp_SimpleDesc;
   \   000051   A3           INC     DPTR
   \   000052   74..         MOV     A,#SampleApp_SimpleDesc & 0xff
   \   000054   F0           MOVX    @DPTR,A
   \   000055   A3           INC     DPTR
   \   000056   74..         MOV     A,#(SampleApp_SimpleDesc >> 8) & 0xff
   \   000058   F0           MOVX    @DPTR,A
    241            SampleApp_epDesc.latencyReq = noLatencyReqs;
   \   000059   A3           INC     DPTR
   \   00005A   E4           CLR     A
   \   00005B   F0           MOVX    @DPTR,A
    242          
    243            // Register the endpoint description with the AF
    244            afRegister( &SampleApp_epDesc );
   \   00005C                ; Setup parameters for call to function afRegister
   \   00005C   7A..         MOV     R2,#SampleApp_epDesc & 0xff
   \   00005E   7B..         MOV     R3,#(SampleApp_epDesc >> 8) & 0xff
   \   000060   12....       LCALL   ??afRegister?relay
    245          
    246            // Register for all key events - This app will handle all key events
    247            RegisterForKeys( SampleApp_TaskID );
   \   000063                ; Setup parameters for call to function RegisterForKeys
   \   000063   90....       MOV     DPTR,#SampleApp_TaskID
   \   000066   E0           MOVX    A,@DPTR
   \   000067   F9           MOV     R1,A
   \   000068   12....       LCALL   ??RegisterForKeys?relay
    248          
    249            // By default, all devices start out in Group 1
    250            SampleApp_Group.ID = 0x0001;
   \   00006B   90....       MOV     DPTR,#SampleApp_Group
   \   00006E   7401         MOV     A,#0x1
   \   000070   F0           MOVX    @DPTR,A
   \   000071   A3           INC     DPTR
   \   000072   E4           CLR     A
   \   000073   F0           MOVX    @DPTR,A
    251            osal_memcpy( SampleApp_Group.name, "Group 1", 7  );
   \   000074                ; Setup parameters for call to function osal_memcpy
   \   000074   75....       MOV     ?V0 + 0,#`?<Constant "Group 1">` & 0xff
   \   000077   75....       MOV     ?V0 + 1,#(`?<Constant "Group 1">` >> 8) & 0xff
   \   00007A   F5..         MOV     ?V0 + 2,A
   \   00007C   78..         MOV     R0,#?V0 + 0
   \   00007E   12....       LCALL   ?PUSH_XSTACK_I_THREE
   \   000081   7C07         MOV     R4,#0x7
   \   000083   7D00         MOV     R5,#0x0
   \   000085   7A..         MOV     R2,#(SampleApp_Group + 2) & 0xff
   \   000087   7B..         MOV     R3,#((SampleApp_Group + 2) >> 8) & 0xff
   \   000089   12....       LCALL   ??osal_memcpy?relay
   \   00008C   7403         MOV     A,#0x3
   \   00008E   12....       LCALL   ?DEALLOC_XSTACK8
    252            aps_AddGroup( SAMPLEAPP_ENDPOINT, &SampleApp_Group );
   \   000091                ; Setup parameters for call to function aps_AddGroup
   \   000091   7A..         MOV     R2,#SampleApp_Group & 0xff
   \   000093   7B..         MOV     R3,#(SampleApp_Group >> 8) & 0xff
   \   000095   7914         MOV     R1,#0x14
   \   000097   12....       LCALL   ??aps_AddGroup?relay
    253          
    254          #if defined ( LCD_SUPPORTED )
    255            HalLcdWriteString( "SampleApp", HAL_LCD_LINE_1 );
   \   00009A                ; Setup parameters for call to function HalLcdWriteString
   \   00009A   7901         MOV     R1,#0x1
   \   00009C   7A..         MOV     R2,#`?<Constant "SampleApp">` & 0xff
   \   00009E   7B..         MOV     R3,#(`?<Constant "SampleApp">` >> 8) & 0xff
   \   0000A0   12....       LCALL   ??HalLcdWriteString?relay
    256          #endif
    257          }
   \   0000A3   7F03         MOV     R7,#0x3
   \   0000A5   02....       LJMP    ?BANKED_LEAVE_XDATA
    258          
    259          /*********************************************************************
    260           * @fn      SampleApp_ProcessEvent
    261           *
    262           * @brief   Generic Application Task event processor.  This function
    263           *          is called to process all events for the task.  Events
    264           *          include timers, messages and any other user defined events.
    265           *
    266           * @param   task_id  - The OSAL assigned task ID.
    267           * @param   events - events to process.  This is a bit map and can
    268           *                   contain more than one event.
    269           *
    270           * @return  none
    271           */

   \                                 In  segment BANKED_CODE, align 1, keep-with-next
    272          uint16 SampleApp_ProcessEvent( uint8 task_id, uint16 events )
   \                     SampleApp_ProcessEvent:
    273          {
   \   000000   74F4         MOV     A,#-0xc
   \   000002   12....       LCALL   ?BANKED_ENTER_XDATA
   \   000005                ; Saved register size: 12
   \   000005                ; Auto size: 0
   \   000005   EA           MOV     A,R2
   \   000006   FE           MOV     R6,A
   \   000007   EB           MOV     A,R3
   \   000008   FF           MOV     R7,A
    274            afIncomingMSGPacket_t *MSGpkt;
    275            (void)task_id;  // Intentionally unreferenced parameter
    276          
    277            if ( events & SYS_EVENT_MSG )
   \   000009   5480         ANL     A,#0x80
   \   00000B   6079         JZ      ??SampleApp_ProcessEvent_0
    278            {
    279              MSGpkt = (afIncomingMSGPacket_t *)osal_msg_receive( SampleApp_TaskID );
   \   00000D                ; Setup parameters for call to function osal_msg_receive
   \   00000D   802B         SJMP    ??SampleApp_ProcessEvent_1
    280              while ( MSGpkt )
    281              {
    282                switch ( MSGpkt->hdr.event )
    283                {
    284                  // Received when a key is pressed
    285                  case KEY_CHANGE:
    286                    SampleApp_HandleKeys( ((keyChange_t *)MSGpkt)->state, ((keyChange_t *)MSGpkt)->keys );
    287                    break;
    288          
    289                  // Received when a messages is received (OTA) for this endpoint
    290                  case AF_INCOMING_MSG_CMD:
    291                    SampleApp_MessageMSGCB( MSGpkt );
    292                    break;
    293          
    294                  // Received whenever the device changes state in the network
    295                  case ZDO_STATE_CHANGE:
    296                    SampleApp_NwkState = (devStates_t)(MSGpkt->hdr.status);
   \                     ??SampleApp_ProcessEvent_2:
   \   00000F   A3           INC     DPTR
   \   000010   E0           MOVX    A,@DPTR
   \   000011   90....       MOV     DPTR,#SampleApp_NwkState
   \   000014   F0           MOVX    @DPTR,A
    297                    if ( (SampleApp_NwkState == DEV_ZB_COORD) //协调器
    298                        || (SampleApp_NwkState == DEV_ROUTER)  //节点
    299                        || (SampleApp_NwkState == DEV_END_DEVICE) )  //终端
   \   000015   6409         XRL     A,#0x9
   \   000017   600A         JZ      ??SampleApp_ProcessEvent_3
   \   000019   E0           MOVX    A,@DPTR
   \   00001A   6407         XRL     A,#0x7
   \   00001C   6005         JZ      ??SampleApp_ProcessEvent_3
   \   00001E   E0           MOVX    A,@DPTR
   \   00001F   6406         XRL     A,#0x6
   \   000021   7010         JNZ     ??SampleApp_ProcessEvent_4
    300                    {
    301                      // Start sending the periodic message in a regular interval.
    302                      osal_start_timerEx( SampleApp_TaskID,
    303                                        SAMPLEAPP_SEND_PERIODIC_MSG_EVT,
    304                                        SAMPLEAPP_SEND_PERIODIC_MSG_TIMEOUT );
   \                     ??SampleApp_ProcessEvent_3:
   \   000023                ; Setup parameters for call to function osal_start_timerEx
   \   000023   7CC4         MOV     R4,#-0x3c
   \   000025   7D09         MOV     R5,#0x9
   \   000027   7A01         MOV     R2,#0x1
   \   000029   7B00         MOV     R3,#0x0
   \   00002B   90....       MOV     DPTR,#SampleApp_TaskID
   \   00002E   E0           MOVX    A,@DPTR
   \   00002F   F9           MOV     R1,A
   \   000030   12....       LCALL   ??osal_start_timerEx?relay
    305                    }
    306                    else
    307                    {
    308                      // Device is no longer in the network
    309                    }
    310                    break;
    311          
    312                  default:
    313                    break;
    314                }
    315          
    316                // Release the memory
    317                osal_msg_deallocate( (uint8 *)MSGpkt );
   \                     ??SampleApp_ProcessEvent_4:
   \   000033                ; Setup parameters for call to function osal_msg_deallocate
   \   000033   AA..         MOV     R2,?V0 + 0
   \   000035   AB..         MOV     R3,?V0 + 1
   \   000037   12....       LCALL   ??osal_msg_deallocate?relay
    318          
    319                // Next - if one is available
    320                MSGpkt = (afIncomingMSGPacket_t *)osal_msg_receive( SampleApp_TaskID );
   \   00003A                ; Setup parameters for call to function osal_msg_receive
   \                     ??SampleApp_ProcessEvent_1:
   \   00003A   90....       MOV     DPTR,#SampleApp_TaskID
   \   00003D   E0           MOVX    A,@DPTR
   \   00003E   F9           MOV     R1,A
   \   00003F   12....       LCALL   ??osal_msg_receive?relay
   \   000042   8A..         MOV     ?V0 + 0,R2
   \   000044   8B..         MOV     ?V0 + 1,R3
   \   000046   E5..         MOV     A,?V0 + 0
   \   000048   45..         ORL     A,?V0 + 1
   \   00004A   6032         JZ      ??SampleApp_ProcessEvent_5
   \   00004C   85..82       MOV     DPL,?V0 + 0
   \   00004F   85..83       MOV     DPH,?V0 + 1
   \   000052   E0           MOVX    A,@DPTR
   \   000053   24E6         ADD     A,#-0x1a
   \   000055   601E         JZ      ??SampleApp_ProcessEvent_6
   \   000057   245A         ADD     A,#0x5a
   \   000059   6006         JZ      ??SampleApp_ProcessEvent_7
   \   00005B   24EF         ADD     A,#-0x11
   \   00005D   60B0         JZ      ??SampleApp_ProcessEvent_2
   \   00005F   80D2         SJMP    ??SampleApp_ProcessEvent_4
   \                     ??SampleApp_ProcessEvent_7:
   \   000061                ; Setup parameters for call to function SampleApp_HandleKeys
   \   000061   A3           INC     DPTR
   \   000062   A3           INC     DPTR
   \   000063   A3           INC     DPTR
   \   000064   E0           MOVX    A,@DPTR
   \   000065   FA           MOV     R2,A
   \   000066   85..82       MOV     DPL,?V0 + 0
   \   000069   85..83       MOV     DPH,?V0 + 1
   \   00006C   A3           INC     DPTR
   \   00006D   A3           INC     DPTR
   \   00006E   E0           MOVX    A,@DPTR
   \   00006F   F9           MOV     R1,A
   \   000070   12....       LCALL   ??SampleApp_HandleKeys?relay
   \   000073   80BE         SJMP    ??SampleApp_ProcessEvent_4
   \                     ??SampleApp_ProcessEvent_6:
   \   000075                ; Setup parameters for call to function SampleApp_MessageMSGCB
   \   000075   AA..         MOV     R2,?V0 + 0
   \   000077   AB..         MOV     R3,?V0 + 1
   \   000079   12....       LCALL   ??SampleApp_MessageMSGCB?relay
   \   00007C   80B5         SJMP    ??SampleApp_ProcessEvent_4
    321              }
    322          
    323              // return unprocessed events
    324              return (events ^ SYS_EVENT_MSG);
   \                     ??SampleApp_ProcessEvent_5:
   \   00007E   EE           MOV     A,R6
   \   00007F   FA           MOV     R2,A
   \   000080   EF           MOV     A,R7
   \   000081   6480         XRL     A,#0x80
   \                     ??SampleApp_ProcessEvent_8:
   \   000083   FB           MOV     R3,A
   \   000084   802A         SJMP    ??SampleApp_ProcessEvent_9
    325            }
    326          
    327            // Send a message out - This event is generated by a timer
    328            //  (setup in SampleApp_Init()).
    329            if ( events & SAMPLEAPP_SEND_PERIODIC_MSG_EVT )
   \                     ??SampleApp_ProcessEvent_0:
   \   000086   EE           MOV     A,R6
   \   000087   A2E0         MOV     C,0xE0 /* A   */.0
   \   000089   5021         JNC     ??SampleApp_ProcessEvent_10
    330            {
    331              // Send the periodic message
    332              SampleApp_SendPeriodicMessage();
   \   00008B                ; Setup parameters for call to function SampleApp_SendPeriodicMessage
   \   00008B   12....       LCALL   ??SampleApp_SendPeriodicMessage?relay
    333          
    334              // Setup to send message again in normal period (+ a little jitter)
    335              osal_start_timerEx( SampleApp_TaskID, SAMPLEAPP_SEND_PERIODIC_MSG_EVT,
    336                  (SAMPLEAPP_SEND_PERIODIC_MSG_TIMEOUT + (osal_rand() & 0x00FF)) );
   \   00008E                ; Setup parameters for call to function osal_rand
   \   00008E   12....       LCALL   ??osal_rand?relay
   \   000091                ; Setup parameters for call to function osal_start_timerEx
   \   000091   EA           MOV     A,R2
   \   000092   24C4         ADD     A,#-0x3c
   \   000094   FC           MOV     R4,A
   \   000095   E4           CLR     A
   \   000096   3409         ADDC    A,#0x9
   \   000098   FD           MOV     R5,A
   \   000099   7A01         MOV     R2,#0x1
   \   00009B   7B00         MOV     R3,#0x0
   \   00009D   90....       MOV     DPTR,#SampleApp_TaskID
   \   0000A0   E0           MOVX    A,@DPTR
   \   0000A1   F9           MOV     R1,A
   \   0000A2   12....       LCALL   ??osal_start_timerEx?relay
    337          
    338              // return unprocessed events
    339              return (events ^ SAMPLEAPP_SEND_PERIODIC_MSG_EVT);
   \   0000A5   EE           MOV     A,R6
   \   0000A6   6401         XRL     A,#0x1
   \   0000A8   FA           MOV     R2,A
   \   0000A9   EF           MOV     A,R7
   \   0000AA   80D7         SJMP    ??SampleApp_ProcessEvent_8
    340            }
    341          
    342            // Discard unknown events
    343            return 0;
   \                     ??SampleApp_ProcessEvent_10:
   \   0000AC   7A00         MOV     R2,#0x0
   \   0000AE   7B00         MOV     R3,#0x0
   \                     ??SampleApp_ProcessEvent_9:
   \   0000B0   7F04         MOV     R7,#0x4
   \   0000B2   02....       LJMP    ?BANKED_LEAVE_XDATA
    344          }
    345          
    346          /*********************************************************************
    347           * Event Generation Functions
    348           */
    349          /*********************************************************************
    350           * @fn      SampleApp_HandleKeys   节点发送数据的函数
    351           *
    352           * @brief   Handles all key events for this device.
    353           *
    354           * @param   shift - true if in shift/alt.
    355           * @param   keys - bit field for key events. Valid entries:
    356           *                 HAL_KEY_SW_2
    357           *                 HAL_KEY_SW_1
    358           *
    359           * @return  none
    360           */

   \                                 In  segment BANKED_CODE, align 1, keep-with-next
    361          void SampleApp_HandleKeys( uint8 shift, uint8 keys )
   \                     SampleApp_HandleKeys:
    362          {
   \   000000   74F6         MOV     A,#-0xa
   \   000002   12....       LCALL   ?BANKED_ENTER_XDATA
   \   000005                ; Saved register size: 10
   \   000005                ; Auto size: 0
   \   000005   EA           MOV     A,R2
   \   000006   FE           MOV     R6,A
    363            (void)shift;  // Intentionally unreferenced parameter
    364            
    365            if ( keys & HAL_KEY_SW_1 )
   \   000007   A2E0         MOV     C,0xE0 /* A   */.0
   \   000009   5007         JNC     ??SampleApp_HandleKeys_0
    366            {
    367              /* This key sends the Flash Command is sent to Group 1.
    368               * This device will not receive the Flash Command from this
    369               * device (even if it belongs to group 1).
    370               */
    371              SampleApp_SendFlashMessage( SAMPLEAPP_FLASH_DURATION );
   \   00000B                ; Setup parameters for call to function SampleApp_SendFlashMessage
   \   00000B   7AE8         MOV     R2,#-0x18
   \   00000D   7B03         MOV     R3,#0x3
   \   00000F   12....       LCALL   ??SampleApp_SendFlashMessage?relay
    372            }
    373          
    374            if ( keys & HAL_KEY_SW_2 )
   \                     ??SampleApp_HandleKeys_0:
   \   000012   EE           MOV     A,R6
   \   000013   A2E1         MOV     C,0xE0 /* A   */.1
   \   000015   5024         JNC     ??SampleApp_HandleKeys_1
    375            {
    376              /* The Flashr Command is sent to Group 1.
    377               * This key toggles this device in and out of group 1.
    378               * If this device doesn't belong to group 1, this application
    379               * will not receive the Flash command sent to group 1.
    380               */
    381              aps_Group_t *grp;
    382              grp = aps_FindGroup( SAMPLEAPP_ENDPOINT, SAMPLEAPP_FLASH_GROUP );
    383              if ( grp )
   \   000017                ; Setup parameters for call to function aps_FindGroup
   \   000017   7A01         MOV     R2,#0x1
   \   000019   7B00         MOV     R3,#0x0
   \   00001B   7914         MOV     R1,#0x14
   \   00001D   12....       LCALL   ??aps_FindGroup?relay
   \   000020   8B..         MOV     ?V0 + 1,R3
   \   000022   EA           MOV     A,R2
   \   000023   45..         ORL     A,?V0 + 1
   \   000025   600B         JZ      ??SampleApp_HandleKeys_2
    384              {
    385                // Remove from the group
    386                aps_RemoveGroup( SAMPLEAPP_ENDPOINT, SAMPLEAPP_FLASH_GROUP );
   \   000027                ; Setup parameters for call to function aps_RemoveGroup
   \   000027   7A01         MOV     R2,#0x1
   \   000029   7B00         MOV     R3,#0x0
   \   00002B   7914         MOV     R1,#0x14
   \   00002D   12....       LCALL   ??aps_RemoveGroup?relay
   \   000030   8009         SJMP    ??SampleApp_HandleKeys_1
    387              }
    388              else
    389              {
    390                // Add to the flash group
    391                aps_AddGroup( SAMPLEAPP_ENDPOINT, &SampleApp_Group );
   \                     ??SampleApp_HandleKeys_2:
   \   000032                ; Setup parameters for call to function aps_AddGroup
   \   000032   7A..         MOV     R2,#SampleApp_Group & 0xff
   \   000034   7B..         MOV     R3,#(SampleApp_Group >> 8) & 0xff
   \   000036   7914         MOV     R1,#0x14
   \   000038   12....       LCALL   ??aps_AddGroup?relay
    392              }
    393            }
    394          }
   \                     ??SampleApp_HandleKeys_1:
   \   00003B   80..         SJMP    ??Subroutine2_0

   \                                 In  segment BANKED_CODE, align 1, keep-with-next
   \                     ??Subroutine2_0:
   \   000000   7F02         MOV     R7,#0x2
   \   000002   02....       LJMP    ?BANKED_LEAVE_XDATA
    395          
    396          /*********************************************************************
    397           * LOCAL FUNCTIONS
    398           */
    399          
    400          /*********************************************************************
    401           * @fn      SampleApp_MessageMSGCB 
    402          协调器接收的函数
    403           *
    404           * @brief   Data message processor callback.  This function processes
    405           *          any incoming data - probably from other devices.  So, based
    406           *          on cluster ID, perform the intended action.
    407           *
    408           * @param   none
    409           *
    410           * @return  none
    411           */
    412          
    413          #define LED1 P1_0
    414          

   \                                 In  segment XDATA_Z, align 1, keep-with-next
    415          int buf_len;
   \                     buf_len:
   \   000000                DS 2
   \   000002                REQUIRE __INIT_XDATA_Z

   \                                 In  segment BANKED_CODE, align 1, keep-with-next
    416          void SampleApp_MessageMSGCB( afIncomingMSGPacket_t *pkt )
   \                     SampleApp_MessageMSGCB:
    417          {
   \   000000   74F6         MOV     A,#-0xa
   \   000002   12....       LCALL   ?BANKED_ENTER_XDATA
   \   000005                ; Saved register size: 10
   \   000005                ; Auto size: 0
   \   000005   8A82         MOV     DPL,R2
   \   000007   8B83         MOV     DPH,R3
    418            uint16 flashTime;
    419           // char *str="Status: connection confirmed.\n";
    420           // int len=strlen(str);
    421            
    422            //unsigned int  i,j;
    423            switch ( pkt->clusterId )
   \   000009   E582         MOV     A,DPL
   \   00000B   2421         ADD     A,#0x21
   \   00000D   F8           MOV     R0,A
   \   00000E   E583         MOV     A,DPH
   \   000010   3400         ADDC    A,#0x0
   \   000012   F9           MOV     R1,A
   \   000013   E8           MOV     A,R0
   \   000014   FA           MOV     R2,A
   \   000015   E9           MOV     A,R1
   \   000016   FB           MOV     R3,A
   \   000017   A3           INC     DPTR
   \   000018   A3           INC     DPTR
   \   000019   A3           INC     DPTR
   \   00001A   A3           INC     DPTR
   \   00001B   E0           MOVX    A,@DPTR
   \   00001C   F5..         MOV     ?V0 + 0,A
   \   00001E   A3           INC     DPTR
   \   00001F   E0           MOVX    A,@DPTR
   \   000020   F5..         MOV     ?V0 + 1,A
   \   000022   78..         MOV     R0,#?V0 + 0
   \   000024   12....       LCALL   ?US_SWITCH_DENSE
   \                     `?<Jumptable for SampleApp_MessageMSGCB>_0`:
   \   000027   0100         DW        1
   \   000029   01           DB        1
   \   00002A   ....         DW        ??SampleApp_MessageMSGCB_0
   \   00002C   ....         DW        ??SampleApp_MessageMSGCB_1
   \   00002E   ....         DW        ??SampleApp_MessageMSGCB_2
    424            {
    425              case SAMPLEAPP_PERIODIC_CLUSTERID:
    426          //      HalUARTWrite(0,str,len); //发送信息 to computer.
    427                 LED1=1;
   \                     ??SampleApp_MessageMSGCB_1:
   \   000030   D290         SETB    0x90.0
    428                
    429                 HalUARTWrite(0,pkt->cmd.Data,buf_len);
   \   000032                ; Setup parameters for call to function HalUARTWrite
   \   000032   90....       MOV     DPTR,#buf_len
   \   000035   E0           MOVX    A,@DPTR
   \   000036   FC           MOV     R4,A
   \   000037   A3           INC     DPTR
   \   000038   E0           MOVX    A,@DPTR
   \   000039   FD           MOV     R5,A
   \   00003A   8A82         MOV     DPL,R2
   \   00003C   8B83         MOV     DPH,R3
   \   00003E   E0           MOVX    A,@DPTR
   \   00003F   FA           MOV     R2,A
   \   000040   A3           INC     DPTR
   \   000041   E0           MOVX    A,@DPTR
   \   000042   FB           MOV     R3,A
   \   000043   7900         MOV     R1,#0x0
   \   000045   12....       LCALL   ??HalUARTWrite?relay
    430                //  HalUARTWrite(0,"\n",1);
    431                 
    432                break;
   \   000048   8035         SJMP    ??SampleApp_MessageMSGCB_0
    433          
    434              case SAMPLEAPP_FLASH_CLUSTERID:
    435                flashTime = BUILD_UINT16(pkt->cmd.Data[1], pkt->cmd.Data[2] );
    436                HalLedBlink( HAL_LED_4, 4, 50, (flashTime / 4) );
   \                     ??SampleApp_MessageMSGCB_2:
   \   00004A   8A82         MOV     DPL,R2
   \   00004C   8B83         MOV     DPH,R3
   \   00004E   E0           MOVX    A,@DPTR
   \   00004F   F8           MOV     R0,A
   \   000050   A3           INC     DPTR
   \   000051   E0           MOVX    A,@DPTR
   \   000052   F9           MOV     R1,A
   \   000053                ; Setup parameters for call to function HalLedBlink
   \   000053   8882         MOV     DPL,R0
   \   000055   8983         MOV     DPH,R1
   \   000057   A3           INC     DPTR
   \   000058   E0           MOVX    A,@DPTR
   \   000059   FA           MOV     R2,A
   \   00005A   8882         MOV     DPL,R0
   \   00005C   8983         MOV     DPH,R1
   \   00005E   A3           INC     DPTR
   \   00005F   A3           INC     DPTR
   \   000060   E0           MOVX    A,@DPTR
   \   000061   F9           MOV     R1,A
   \   000062   EA           MOV     A,R2
   \   000063   2400         ADD     A,#0x0
   \   000065   F5..         MOV     ?V0 + 0,A
   \   000067   E4           CLR     A
   \   000068   39           ADDC    A,R1
   \   000069   F5..         MOV     ?V0 + 1,A
   \   00006B   7402         MOV     A,#0x2
   \   00006D   78..         MOV     R0,#?V0 + 0
   \   00006F   12....       LCALL   ?US_SHR
   \   000072   AC..         MOV     R4,?V0 + 0
   \   000074   AD..         MOV     R5,?V0 + 1
   \   000076   7B32         MOV     R3,#0x32
   \   000078   7A04         MOV     R2,#0x4
   \   00007A   7908         MOV     R1,#0x8
   \   00007C   12....       LCALL   ??HalLedBlink?relay
    437                break;
    438            }
    439          }
   \                     ??SampleApp_MessageMSGCB_0:
   \   00007F   02....       LJMP    ??Subroutine2_0 & 0xFFFF
   \   000082                REQUIRE _A_P1
    440          
    441          /*********************************************************************
    442           * @fn      SampleApp_SendPeriodicMessage
    443           *
    444           * @brief   Send the periodic message.
    445           *
    446           * @param   none
    447           *
    448           * @return  none
    449           */

   \                                 In  segment BANKED_CODE, align 1, keep-with-next
   \                     ?Subroutine0:
   \   000000   12....       LCALL   ?DEALLOC_XSTACK8
   \   000003                REQUIRE ??Subroutine2_0
   \   000003                ; // Fall through to label ??Subroutine2_0

   \                                 In  segment BANKED_CODE, align 1, keep-with-next
    450          void SampleApp_SendPeriodicMessage( void )
   \                     SampleApp_SendPeriodicMessage:
    451          {  
   \   000000   74F6         MOV     A,#-0xa
   \   000002   12....       LCALL   ?BANKED_ENTER_XDATA
   \   000005                ; Saved register size: 10
   \   000005                ; Auto size: 11
   \   000005   74F5         MOV     A,#-0xb
   \   000007   12....       LCALL   ?ALLOC_XSTACK8
    452            //uint8 buf[]="status:connected....";
    453            //int len=strlen(buf);
    454            
    455            //获取温湿度
    456            unsigned char pTemp,pHum;
    457            unsigned char buf[9]={'T','0','0',' ','H','0','0','\n','\0'};
   \   00000A   7402         MOV     A,#0x2
   \   00000C   12....       LCALL   ?XSTACK_DISP0_8
   \   00000F   AC82         MOV     R4,DPL
   \   000011   AD83         MOV     R5,DPH
   \   000013   7583..       MOV     DPH,#(`?<Constant {84, 48, 48, 32, 72, 48, 48, 10, 0}` >> 8) & 0xff
   \   000016   7582..       MOV     DPL,#`?<Constant {84, 48, 48, 32, 72, 48, 48, 10, 0}` & 0xff
   \   000019   7409         MOV     A,#0x9
   \   00001B   12....       LCALL   ?MOVE_LONG8_XDATA_XDATA
    458              DHT11_Read(&pTemp,&pHum);  
   \   00001E                ; Setup parameters for call to function DHT11_Read
   \   00001E   85..82       MOV     DPL,?XSP + 0
   \   000021   85..83       MOV     DPH,?XSP + 1
   \   000024   AC82         MOV     R4,DPL
   \   000026   AD83         MOV     R5,DPH
   \   000028   04           INC     A
   \   000029   12....       LCALL   ?XSTACK_DISP0_8
   \   00002C   AA82         MOV     R2,DPL
   \   00002E   AB83         MOV     R3,DPH
   \   000030   12....       LCALL   ??DHT11_Read?relay
    459              buf[1] = pTemp/10+'0';
   \   000033   75F00A       MOV     B,#0xa
   \   000036   7401         MOV     A,#0x1
   \   000038   12....       LCALL   ?XSTACK_DISP0_8
   \   00003B   E0           MOVX    A,@DPTR
   \   00003C   84           DIV     AB
   \   00003D   2430         ADD     A,#0x30
   \   00003F   C0E0         PUSH    A
   \   000041   7403         MOV     A,#0x3
   \   000043   12....       LCALL   ?XSTACK_DISP0_8
   \   000046   D0E0         POP     A
   \   000048   F0           MOVX    @DPTR,A
    460              buf[2] = pTemp%10+'0';
   \   000049   7401         MOV     A,#0x1
   \   00004B   12....       LCALL   ?XSTACK_DISP0_8
   \   00004E   12....       LCALL   ?Subroutine1 & 0xFFFF
   \                     ??CrossCallReturnLabel_0:
   \   000051   C0E0         PUSH    A
   \   000053   7404         MOV     A,#0x4
   \   000055   12....       LCALL   ?XSTACK_DISP0_8
   \   000058   D0E0         POP     A
   \   00005A   F0           MOVX    @DPTR,A
    461              buf[5] = pHum/10+'0';
   \   00005B   75F00A       MOV     B,#0xa
   \   00005E   85..82       MOV     DPL,?XSP + 0
   \   000061   85..83       MOV     DPH,?XSP + 1
   \   000064   E0           MOVX    A,@DPTR
   \   000065   84           DIV     AB
   \   000066   2430         ADD     A,#0x30
   \   000068   C0E0         PUSH    A
   \   00006A   7407         MOV     A,#0x7
   \   00006C   12....       LCALL   ?XSTACK_DISP0_8
   \   00006F   D0E0         POP     A
   \   000071   F0           MOVX    @DPTR,A
    462              buf[6] = pHum%10+'0';
   \   000072   85..82       MOV     DPL,?XSP + 0
   \   000075   85..83       MOV     DPH,?XSP + 1
   \   000078   12....       LCALL   ?Subroutine1 & 0xFFFF
   \                     ??CrossCallReturnLabel_1:
   \   00007B   C0E0         PUSH    A
   \   00007D   7408         MOV     A,#0x8
   \   00007F   12....       LCALL   ?XSTACK_DISP0_8
   \   000082   D0E0         POP     A
   \   000084   F0           MOVX    @DPTR,A
    463              buf[7] = '\n';
   \   000085   7409         MOV     A,#0x9
   \   000087   12....       LCALL   ?XSTACK_DISP0_8
   \   00008A   740A         MOV     A,#0xa
   \   00008C   F0           MOVX    @DPTR,A
    464              int len=strlen(buf);
                                    ^
Warning[Pe167]: argument of type "unsigned char *" is incompatible with
          parameter of type "char const *"
    465              buf_len=len;
   \   00008D                ; Setup parameters for call to function strlen
   \   00008D   7402         MOV     A,#0x2
   \   00008F   12....       LCALL   ?XSTACK_DISP0_8
   \   000092   AA82         MOV     R2,DPL
   \   000094   AB83         MOV     R3,DPH
   \   000096   12....       LCALL   ??strlen?relay
   \   000099   90....       MOV     DPTR,#buf_len
   \   00009C   EA           MOV     A,R2
   \   00009D   F0           MOVX    @DPTR,A
   \   00009E   A3           INC     DPTR
   \   00009F   EB           MOV     A,R3
   \   0000A0   F0           MOVX    @DPTR,A
    466              
    467            if ( AF_DataRequest( &SampleApp_Periodic_DstAddr, &SampleApp_epDesc,
    468                                 SAMPLEAPP_PERIODIC_CLUSTERID, //检测数据发送的ID
    469                                 len, //内容的大小
    470                                 buf, //(uint8*)&SampleAppPeriodicCounter, //节点发送给协调器的内容
    471                                 &SampleApp_TransID,
    472                                 AF_DISCV_ROUTE,
    473                                 AF_DEFAULT_RADIUS ) == afStatus_SUCCESS )
   \   0000A1                ; Setup parameters for call to function AF_DataRequest
   \   0000A1   75..1E       MOV     ?V0 + 0,#0x1e
   \   0000A4   78..         MOV     R0,#?V0 + 0
   \   0000A6   12....       LCALL   ?PUSH_XSTACK_I_ONE
   \   0000A9   75....       MOV     ?V0 + 0,#SampleApp_TransID & 0xff
   \   0000AC   75....       MOV     ?V0 + 1,#(SampleApp_TransID >> 8) & 0xff
   \   0000AF   78..         MOV     R0,#?V0 + 0
   \   0000B1   12....       LCALL   ?PUSH_XSTACK_I_TWO
   \   0000B4   7405         MOV     A,#0x5
   \   0000B6   12....       LCALL   ?XSTACK_DISP0_8
   \   0000B9   8582..       MOV     ?V0 + 0,DPL
   \   0000BC   8583..       MOV     ?V0 + 1,DPH
   \   0000BF   78..         MOV     R0,#?V0 + 0
   \   0000C1   12....       LCALL   ?PUSH_XSTACK_I_TWO
   \   0000C4   90....       MOV     DPTR,#buf_len
   \   0000C7   12....       LCALL   ?PUSH_XSTACK8_X_TWO
   \   0000CA   75..01       MOV     ?V0 + 0,#0x1
   \   0000CD   75..00       MOV     ?V0 + 1,#0x0
   \   0000D0   78..         MOV     R0,#?V0 + 0
   \   0000D2   12....       LCALL   ?PUSH_XSTACK_I_TWO
   \   0000D5   7920         MOV     R1,#0x20
   \   0000D7   7C..         MOV     R4,#SampleApp_epDesc & 0xff
   \   0000D9   7D..         MOV     R5,#(SampleApp_epDesc >> 8) & 0xff
   \   0000DB   7A..         MOV     R2,#SampleApp_Periodic_DstAddr & 0xff
   \   0000DD   7B..         MOV     R3,#(SampleApp_Periodic_DstAddr >> 8) & 0xff
   \   0000DF   12....       LCALL   ??AF_DataRequest?relay
   \   0000E2   7409         MOV     A,#0x9
   \   0000E4   12....       LCALL   ?DEALLOC_XSTACK8
    474            {
    475            }
    476            else
    477            {
    478              // Error occurred in request to send.
    479            }
    480          }
   \   0000E7   740B         MOV     A,#0xb
   \   0000E9   02....       LJMP    ?Subroutine0 & 0xFFFF

   \                                 In  segment BANKED_CODE, align 1, keep-with-next
   \                     ?Subroutine1:
   \   000000   E0           MOVX    A,@DPTR
   \   000001   75F00A       MOV     B,#0xa
   \   000004   84           DIV     AB
   \   000005   E5F0         MOV     A,B
   \   000007   2430         ADD     A,#0x30
   \   000009   22           RET
    481          
    482          /*********************************************************************
    483           * @fn      SampleApp_SendFlashMessage
    484           *
    485           * @brief   Send the flash message to group 1.
    486           *
    487           * @param   flashTime - in milliseconds
    488           *
    489           * @return  none
    490           */

   \                                 In  segment BANKED_CODE, align 1, keep-with-next
    491          void SampleApp_SendFlashMessage( uint16 flashTime )
   \                     SampleApp_SendFlashMessage:
    492          {
   \   000000   74F6         MOV     A,#-0xa
   \   000002   12....       LCALL   ?BANKED_ENTER_XDATA
   \   000005                ; Saved register size: 10
   \   000005                ; Auto size: 3
   \   000005   74FD         MOV     A,#-0x3
   \   000007   12....       LCALL   ?ALLOC_XSTACK8
    493            uint8 buffer[3];
    494            buffer[0] = (uint8)(SampleAppFlashCounter++);
   \   00000A   90....       MOV     DPTR,#SampleAppFlashCounter
   \   00000D   E0           MOVX    A,@DPTR
   \   00000E   85..82       MOV     DPL,?XSP + 0
   \   000011   85..83       MOV     DPH,?XSP + 1
   \   000014   F0           MOVX    @DPTR,A
   \   000015   90....       MOV     DPTR,#SampleAppFlashCounter
   \   000018   E0           MOVX    A,@DPTR
   \   000019   04           INC     A
   \   00001A   F0           MOVX    @DPTR,A
    495            buffer[1] = LO_UINT16( flashTime );
   \   00001B   7401         MOV     A,#0x1
   \   00001D   12....       LCALL   ?XSTACK_DISP0_8
   \   000020   EA           MOV     A,R2
   \   000021   F0           MOVX    @DPTR,A
    496            buffer[2] = HI_UINT16( flashTime );
   \   000022   7402         MOV     A,#0x2
   \   000024   12....       LCALL   ?XSTACK_DISP0_8
   \   000027   EB           MOV     A,R3
   \   000028   F0           MOVX    @DPTR,A
    497          
    498            if ( AF_DataRequest( &SampleApp_Flash_DstAddr, &SampleApp_epDesc,
    499                                 SAMPLEAPP_FLASH_CLUSTERID,
    500                                 3,
    501                                 buffer,
    502                                 &SampleApp_TransID,
    503                                 AF_DISCV_ROUTE,
    504                                 AF_DEFAULT_RADIUS ) == afStatus_SUCCESS )
   \   000029                ; Setup parameters for call to function AF_DataRequest
   \   000029   75..1E       MOV     ?V0 + 0,#0x1e
   \   00002C   78..         MOV     R0,#?V0 + 0
   \   00002E   12....       LCALL   ?PUSH_XSTACK_I_ONE
   \   000031   75....       MOV     ?V0 + 0,#SampleApp_TransID & 0xff
   \   000034   75....       MOV     ?V0 + 1,#(SampleApp_TransID >> 8) & 0xff
   \   000037   78..         MOV     R0,#?V0 + 0
   \   000039   12....       LCALL   ?PUSH_XSTACK_I_TWO
   \   00003C   7403         MOV     A,#0x3
   \   00003E   12....       LCALL   ?XSTACK_DISP0_8
   \   000041   8582..       MOV     ?V0 + 0,DPL
   \   000044   8583..       MOV     ?V0 + 1,DPH
   \   000047   78..         MOV     R0,#?V0 + 0
   \   000049   12....       LCALL   ?PUSH_XSTACK_I_TWO
   \   00004C   75..03       MOV     ?V0 + 0,#0x3
   \   00004F   75..00       MOV     ?V0 + 1,#0x0
   \   000052   78..         MOV     R0,#?V0 + 0
   \   000054   12....       LCALL   ?PUSH_XSTACK_I_TWO
   \   000057   75..02       MOV     ?V0 + 0,#0x2
   \   00005A   78..         MOV     R0,#?V0 + 0
   \   00005C   12....       LCALL   ?PUSH_XSTACK_I_TWO
   \   00005F   7920         MOV     R1,#0x20
   \   000061   7C..         MOV     R4,#SampleApp_epDesc & 0xff
   \   000063   7D..         MOV     R5,#(SampleApp_epDesc >> 8) & 0xff
   \   000065   7A..         MOV     R2,#SampleApp_Flash_DstAddr & 0xff
   \   000067   7B..         MOV     R3,#(SampleApp_Flash_DstAddr >> 8) & 0xff
   \   000069   12....       LCALL   ??AF_DataRequest?relay
   \   00006C   7409         MOV     A,#0x9
   \   00006E   12....       LCALL   ?DEALLOC_XSTACK8
    505            {
    506            }
    507            else
    508            {
    509              // Error occurred in request to send.
    510            }
    511          }
   \   000071   7403         MOV     A,#0x3
   \   000073   02....       LJMP    ?Subroutine0 & 0xFFFF

   \                                 In  segment BANK_RELAYS, align 1
   \                     ??SampleApp_Init?relay:
   \   000000   12....       LCALL   ?BDISPATCH
   \   000003   ......       DC24    SampleApp_Init

   \                                 In  segment BANK_RELAYS, align 1
   \                     ??SampleApp_ProcessEvent?relay:
   \   000000   12....       LCALL   ?BDISPATCH
   \   000003   ......       DC24    SampleApp_ProcessEvent

   \                                 In  segment BANK_RELAYS, align 1
   \                     ??SampleApp_HandleKeys?relay:
   \   000000   12....       LCALL   ?BDISPATCH
   \   000003   ......       DC24    SampleApp_HandleKeys

   \                                 In  segment BANK_RELAYS, align 1
   \                     ??SampleApp_MessageMSGCB?relay:
   \   000000   12....       LCALL   ?BDISPATCH
   \   000003   ......       DC24    SampleApp_MessageMSGCB

   \                                 In  segment BANK_RELAYS, align 1
   \                     ??SampleApp_SendPeriodicMessage?relay:
   \   000000   12....       LCALL   ?BDISPATCH
   \   000003   ......       DC24    SampleApp_SendPeriodicMessage

   \                                 In  segment BANK_RELAYS, align 1
   \                     ??SampleApp_SendFlashMessage?relay:
   \   000000   12....       LCALL   ?BDISPATCH
   \   000003   ......       DC24    SampleApp_SendFlashMessage

   \                                 In  segment XDATA_ROM_C, align 1
   \                     `?<Constant "Group 1">`:
   \   000000   47726F75     DB "Group 1"
   \            70203100

   \                                 In  segment XDATA_ROM_C, align 1
   \                     `?<Constant "SampleApp">`:
   \   000000   53616D70     DB "SampleApp"
   \            6C654170
   \            7000    

   \                                 In  segment XDATA_ROM_C, align 1
   \                     `?<Constant {84, 48, 48, 32, 72, 48, 48, 10, 0}`:
   \   000000   54           DB 84
   \   000001   30           DB 48
   \   000002   30           DB 48
   \   000003   20           DB 32
   \   000004   48           DB 72
   \   000005   30           DB 48
   \   000006   30           DB 48
   \   000007   0A           DB 10
   \   000008   00           DB 0
    512          
    513          /*********************************************************************
    514          *********************************************************************/

   Maximum stack usage in bytes:

     Function                       ISTACK PSTACK XSTACK
     --------                       ------ ------ ------
     SampleApp_HandleKeys               0      0     22
       -> SampleApp_SendFlashMessage
                                        0      0     20
       -> aps_FindGroup                 0      0     20
       -> aps_RemoveGroup               0      0     20
       -> aps_AddGroup                  0      0     20
     SampleApp_Init                     0      0     14
       -> MT_UartInit                   0      0     22
       -> MT_UartRegisterTaskID         0      0     22
       -> afRegister                    0      0     22
       -> RegisterForKeys               0      0     22
       -> osal_memcpy                   0      0     28
       -> aps_AddGroup                  0      0     22
       -> HalLcdWriteString             0      0     22
     SampleApp_MessageMSGCB             0      0     22
       -> HalUARTWrite                  0      0     20
       -> HalLedBlink                   0      0     20
     SampleApp_ProcessEvent             0      0     12
       -> osal_msg_receive              0      0     24
       -> osal_start_timerEx            0      0     24
       -> osal_msg_deallocate           0      0     24
       -> osal_msg_receive              0      0     24
       -> SampleApp_HandleKeys          0      0     24
       -> SampleApp_MessageMSGCB        0      0     24
       -> SampleApp_SendPeriodicMessage
                                        0      0     24
       -> osal_rand                     0      0     24
       -> osal_start_timerEx            0      0     24
     SampleApp_SendFlashMessage         1      0     32
       -> AF_DataRequest                0      0     44
     SampleApp_SendPeriodicMessage      2      0     42
       -> DHT11_Read                    0      0     42
       -> strlen                        0      0     42
       -> AF_DataRequest                0      0     60


   Segment part sizes:

     Function/Label                                 Bytes
     --------------                                 -----
     _A_P1                                             1
     SampleApp_ClusterList                             4
     SampleApp_SimpleDesc                             12
     SampleApp_epDesc                                  6
     SampleApp_TaskID                                  1
     SampleApp_NwkState                                1
     SampleApp_TransID                                 1
     SampleApp_Periodic_DstAddr                       12
     SampleApp_Flash_DstAddr                          12
     SampleApp_Group                                  18
     SampleAppPeriodicCounter                          1
     SampleAppFlashCounter                             1
     SampleApp_Init                                  168
     SampleApp_ProcessEvent                          181
     SampleApp_HandleKeys                             61
     ??Subroutine2_0                                   5
     buf_len                                           2
     SampleApp_MessageMSGCB                          130
     ?Subroutine0                                      3
     SampleApp_SendPeriodicMessage                   236
     ?Subroutine1                                     10
     SampleApp_SendFlashMessage                      118
     ??SampleApp_Init?relay                            6
     ??SampleApp_ProcessEvent?relay                    6
     ??SampleApp_HandleKeys?relay                      6
     ??SampleApp_MessageMSGCB?relay                    6
     ??SampleApp_SendPeriodicMessage?relay             6
     ??SampleApp_SendFlashMessage?relay                6
     ?<Constant "Group 1">                             8
     ?<Constant "SampleApp">                          10
     ?<Constant {84, 48, 48, 32, 72, 48, 48, 10, 0}    9

 
 912 bytes in segment BANKED_CODE
  36 bytes in segment BANK_RELAYS
   1 byte  in segment SFR_AN
  43 bytes in segment XDATA_ROM_C
  55 bytes in segment XDATA_Z
 
 948 bytes of CODE  memory
  43 bytes of CONST memory
   0 bytes of DATA  memory (+ 1 byte shared)
  55 bytes of XDATA memory

Errors: none
Warnings: 1
