###############################################################################
#                                                                             #
# IAR C/C++ Compiler V8.10.3.10338/W32 for 8051         11/Sep/2018  14:42:01 #
# Copyright 2004-2011 IAR Systems AB.                                         #
#                                                                             #
#    Core               =  plain                                              #
#    Code model         =  banked                                             #
#    Data model         =  large                                              #
#    Calling convention =  xdata reentrant                                    #
#    Constant location  =  data_rom                                           #
#    Dptr setup         =  1,16                                               #
#    Source file        =  C:\Users\Administrator\Desktop\Embed\day8\code\ZSt #
#                          ack-CC2530-2.3.0-1.4.0\Projects\zstack\Samples\Sam #
#                          pleApp\Source\SampleApp.c                          #
#    Command line       =  -f C:\Users\Administrator\Desktop\Embed\day8\code\ #
#                          ZStack-CC2530-2.3.0-1.4.0\Projects\zstack\Samples\ #
#                          SampleApp\CC2530DB\..\..\..\Tools\CC2530DB\f8wRout #
#                          er.cfg (-DCPU32MHZ -DROOT=__near_func              #
#                          -DMAC_CFG_APP_PENDING_QUEUE=TRUE -DRTR_NWK         #
#                          -DBLINK_LEDS) -f C:\Users\Administrator\Desktop\Em #
#                          bed\day8\code\ZStack-CC2530-2.3.0-1.4.0\Projects\z #
#                          stack\Samples\SampleApp\CC2530DB\..\..\..\Tools\CC #
#                          2530DB\f8wConfig.cfg (-DSECURE=0                   #
#                          -DZG_SECURE_DYNAMIC=0 -DREFLECTOR                  #
#                          -DDEFAULT_CHANLIST=0x00000800                      #
#                          -DZDAPP_CONFIG_PAN_ID=0x99 -DNWK_START_DELAY=100   #
#                          -DEXTENDED_JOINING_RANDOM_MASK=0x007F              #
#                          -DBEACON_REQUEST_DELAY=100                         #
#                          -DBEACON_REQ_DELAY_MASK=0x00FF                     #
#                          -DROUTE_EXPIRY_TIME=30 -DAPSC_ACK_WAIT_DURATION_PO #
#                          LLED=3000 -DNWK_INDIRECT_MSG_TIMEOUT=7             #
#                          -DMAX_RREQ_ENTRIES=8 -DAPSC_MAX_FRAME_RETRIES=3    #
#                          -DNWK_MAX_DATA_RETRIES=2                           #
#                          -DMAX_POLL_FAILURE_RETRIES=2 -DMAX_BCAST=9         #
#                          -DAPS_MAX_GROUPS=16 -DMAX_RTG_ENTRIES=40           #
#                          -DNWK_MAX_BINDING_ENTRIES=4                        #
#                          -DMAX_BINDING_CLUSTER_IDS=4 "-DDEFAULT_KEY={0x01,  #
#                          0x03, 0x05, 0x07, 0x09, 0x0B, 0x0D, 0x0F, 0x00,    #
#                          0x02, 0x04, 0x06, 0x08, 0x0A, 0x0C, 0x0D}"         #
#                          -DMAC_MAX_FRAME_SIZE=116 "-DCONST=const __code"    #
#                          -DGENERIC=__generic -DRFD_RCVC_ALWAYS_ON=FALSE     #
#                          -DPOLL_RATE=1000 -DQUEUED_POLL_RATE=100            #
#                          -DRESPONSE_POLL_RATE=100) -DREJOIN_POLL_RATE=440   #
#                          C:\Users\Administrator\Desktop\Embed\day8\code\ZSt #
#                          ack-CC2530-2.3.0-1.4.0\Projects\zstack\Samples\Sam #
#                          pleApp\Source\SampleApp.c -D ZTOOL_P1 -D xMT_TASK  #
#                          -D xMT_SYS_FUNC -D xMT_ZDO_FUNC -D                 #
#                          xLCD_SUPPORTED=DEBUG -lC                           #
#                          C:\Users\Administrator\Desktop\Embed\day8\code\ZSt #
#                          ack-CC2530-2.3.0-1.4.0\Projects\zstack\Samples\Sam #
#                          pleApp\CC2530DB\RouterEB\List\ -lA                 #
#                          C:\Users\Administrator\Desktop\Embed\day8\code\ZSt #
#                          ack-CC2530-2.3.0-1.4.0\Projects\zstack\Samples\Sam #
#                          pleApp\CC2530DB\RouterEB\List\ --diag_suppress     #
#                          Pe001,Pa010 -o C:\Users\Administrator\Desktop\Embe #
#                          d\day8\code\ZStack-CC2530-2.3.0-1.4.0\Projects\zst #
#                          ack\Samples\SampleApp\CC2530DB\RouterEB\Obj\ -e    #
#                          --debug --core=plain --dptr=16,1                   #
#                          --data_model=large --code_model=banked             #
#                          --calling_convention=xdata_reentrant               #
#                          --place_constants=data_rom --nr_virtual_regs 16    #
#                          -I C:\Users\Administrator\Desktop\Embed\day8\code\ #
#                          ZStack-CC2530-2.3.0-1.4.0\Projects\zstack\Samples\ #
#                          SampleApp\CC2530DB\ -I C:\Users\Administrator\Desk #
#                          top\Embed\day8\code\ZStack-CC2530-2.3.0-1.4.0\Proj #
#                          ects\zstack\Samples\SampleApp\CC2530DB\..\SOURCE\  #
#                          -I C:\Users\Administrator\Desktop\Embed\day8\code\ #
#                          ZStack-CC2530-2.3.0-1.4.0\Projects\zstack\Samples\ #
#                          SampleApp\CC2530DB\..\..\..\ZMAIN\TI2530DB\ -I     #
#                          C:\Users\Administrator\Desktop\Embed\day8\code\ZSt #
#                          ack-CC2530-2.3.0-1.4.0\Projects\zstack\Samples\Sam #
#                          pleApp\CC2530DB\..\..\..\..\..\COMPONENTS\MT\ -I   #
#                          C:\Users\Administrator\Desktop\Embed\day8\code\ZSt #
#                          ack-CC2530-2.3.0-1.4.0\Projects\zstack\Samples\Sam #
#                          pleApp\CC2530DB\..\..\..\..\..\COMPONENTS\HAL\INCL #
#                          UDE\ -I C:\Users\Administrator\Desktop\Embed\day8\ #
#                          code\ZStack-CC2530-2.3.0-1.4.0\Projects\zstack\Sam #
#                          ples\SampleApp\CC2530DB\..\..\..\..\..\COMPONENTS\ #
#                          HAL\TARGET\CC2530EB\ -I C:\Users\Administrator\Des #
#                          ktop\Embed\day8\code\ZStack-CC2530-2.3.0-1.4.0\Pro #
#                          jects\zstack\Samples\SampleApp\CC2530DB\..\..\..\. #
#                          .\..\COMPONENTS\OSAL\MCU\CCSOC\ -I                 #
#                          C:\Users\Administrator\Desktop\Embed\day8\code\ZSt #
#                          ack-CC2530-2.3.0-1.4.0\Projects\zstack\Samples\Sam #
#                          pleApp\CC2530DB\..\..\..\..\..\COMPONENTS\OSAL\INC #
#                          LUDE\ -I C:\Users\Administrator\Desktop\Embed\day8 #
#                          \code\ZStack-CC2530-2.3.0-1.4.0\Projects\zstack\Sa #
#                          mples\SampleApp\CC2530DB\..\..\..\..\..\COMPONENTS #
#                          \STACK\AF\ -I C:\Users\Administrator\Desktop\Embed #
#                          \day8\code\ZStack-CC2530-2.3.0-1.4.0\Projects\zsta #
#                          ck\Samples\SampleApp\CC2530DB\..\..\..\..\..\COMPO #
#                          NENTS\STACK\NWK\ -I C:\Users\Administrator\Desktop #
#                          \Embed\day8\code\ZStack-CC2530-2.3.0-1.4.0\Project #
#                          s\zstack\Samples\SampleApp\CC2530DB\..\..\..\..\.. #
#                          \COMPONENTS\STACK\SEC\ -I                          #
#                          C:\Users\Administrator\Desktop\Embed\day8\code\ZSt #
#                          ack-CC2530-2.3.0-1.4.0\Projects\zstack\Samples\Sam #
#                          pleApp\CC2530DB\..\..\..\..\..\COMPONENTS\STACK\SA #
#                          PI\ -I C:\Users\Administrator\Desktop\Embed\day8\c #
#                          ode\ZStack-CC2530-2.3.0-1.4.0\Projects\zstack\Samp #
#                          les\SampleApp\CC2530DB\..\..\..\..\..\COMPONENTS\S #
#                          TACK\SYS\ -I C:\Users\Administrator\Desktop\Embed\ #
#                          day8\code\ZStack-CC2530-2.3.0-1.4.0\Projects\zstac #
#                          k\Samples\SampleApp\CC2530DB\..\..\..\..\..\COMPON #
#                          ENTS\STACK\ZDO\ -I C:\Users\Administrator\Desktop\ #
#                          Embed\day8\code\ZStack-CC2530-2.3.0-1.4.0\Projects #
#                          \zstack\Samples\SampleApp\CC2530DB\..\..\..\..\..\ #
#                          COMPONENTS\ZMAC\F8W\ -I C:\Users\Administrator\Des #
#                          ktop\Embed\day8\code\ZStack-CC2530-2.3.0-1.4.0\Pro #
#                          jects\zstack\Samples\SampleApp\CC2530DB\..\..\..\. #
#                          .\..\COMPONENTS\ZMAC\ -I                           #
#                          C:\Users\Administrator\Desktop\Embed\day8\code\ZSt #
#                          ack-CC2530-2.3.0-1.4.0\Projects\zstack\Samples\Sam #
#                          pleApp\CC2530DB\..\..\..\..\..\COMPONENTS\SERVICES #
#                          \SADDR\ -I C:\Users\Administrator\Desktop\Embed\da #
#                          y8\code\ZStack-CC2530-2.3.0-1.4.0\Projects\zstack\ #
#                          Samples\SampleApp\CC2530DB\..\..\..\..\..\COMPONEN #
#                          TS\SERVICES\SDATA\ -I C:\Users\Administrator\Deskt #
#                          op\Embed\day8\code\ZStack-CC2530-2.3.0-1.4.0\Proje #
#                          cts\zstack\Samples\SampleApp\CC2530DB\..\..\..\..\ #
#                          ..\COMPONENTS\MAC\INCLUDE\ -I                      #
#                          C:\Users\Administrator\Desktop\Embed\day8\code\ZSt #
#                          ack-CC2530-2.3.0-1.4.0\Projects\zstack\Samples\Sam #
#                          pleApp\CC2530DB\..\..\..\..\..\COMPONENTS\MAC\HIGH #
#                          _LEVEL\ -I C:\Users\Administrator\Desktop\Embed\da #
#                          y8\code\ZStack-CC2530-2.3.0-1.4.0\Projects\zstack\ #
#                          Samples\SampleApp\CC2530DB\..\..\..\..\..\COMPONEN #
#                          TS\MAC\LOW_LEVEL\srf04\ -I                         #
#                          C:\Users\Administrator\Desktop\Embed\day8\code\ZSt #
#                          ack-CC2530-2.3.0-1.4.0\Projects\zstack\Samples\Sam #
#                          pleApp\CC2530DB\..\..\..\..\..\COMPONENTS\MAC\LOW_ #
#                          LEVEL\srf04\SINGLE_CHIP\ -Ohz --require_prototypes #
#    List file          =  C:\Users\Administrator\Desktop\Embed\day8\code\ZSt #
#                          ack-CC2530-2.3.0-1.4.0\Projects\zstack\Samples\Sam #
#                          pleApp\CC2530DB\RouterEB\List\SampleApp.lst        #
#    Object file        =  C:\Users\Administrator\Desktop\Embed\day8\code\ZSt #
#                          ack-CC2530-2.3.0-1.4.0\Projects\zstack\Samples\Sam #
#                          pleApp\CC2530DB\RouterEB\Obj\SampleApp.r51         #
#                                                                             #
#                                                                             #
###############################################################################

C:\Users\Administrator\Desktop\Embed\day8\code\ZStack-CC2530-2.3.0-1.4.0\Projects\zstack\Samples\SampleApp\Source\SampleApp.c
      1          /**************************************************************************************************
      2            Filename:       SampleApp.c
      3            Revised:        $Date: 2009-03-18 15:56:27 -0700 (Wed, 18 Mar 2009) $
      4            Revision:       $Revision: 19453 $
      5          
      6            Description:    Sample Application (no Profile).
      7          
      8          
      9            Copyright 2007 Texas Instruments Incorporated. All rights reserved.
     10          
     11            IMPORTANT: Your use of this Software is limited to those specific rights
     12            granted under the terms of a software license agreement between the user
     13            who downloaded the software, his/her employer (which must be your employer)
     14            and Texas Instruments Incorporated (the "License").  You may not use this
     15            Software unless you agree to abide by the terms of the License. The License
     16            limits your use, and you acknowledge, that the Software may not be modified,
     17            copied or distributed unless embedded on a Texas Instruments microcontroller
     18            or used solely and exclusively in conjunction with a Texas Instruments radio
     19            frequency transceiver, which is integrated into your product.  Other than for
     20            the foregoing purpose, you may not use, reproduce, copy, prepare derivative
     21            works of, modify, distribute, perform, display or sell this Software and/or
     22            its documentation for any purpose.
     23          
     24            YOU FURTHER ACKNOWLEDGE AND AGREE THAT THE SOFTWARE AND DOCUMENTATION ARE
     25            PROVIDED AS IS?WITHOUT WARRANTY OF ANY KIND, EITHER EXPRESS OR IMPLIED,
     26            INCLUDING WITHOUT LIMITATION, ANY WARRANTY OF MERCHANTABILITY, TITLE,
     27            NON-INFRINGEMENT AND FITNESS FOR A PARTICULAR PURPOSE. IN NO EVENT SHALL
     28            TEXAS INSTRUMENTS OR ITS LICENSORS BE LIABLE OR OBLIGATED UNDER CONTRACT,
     29            NEGLIGENCE, STRICT LIABILITY, CONTRIBUTION, BREACH OF WARRANTY, OR OTHER
     30            LEGAL EQUITABLE THEORY ANY DIRECT OR INDIRECT DAMAGES OR EXPENSES
     31            INCLUDING BUT NOT LIMITED TO ANY INCIDENTAL, SPECIAL, INDIRECT, PUNITIVE
     32            OR CONSEQUENTIAL DAMAGES, LOST PROFITS OR LOST DATA, COST OF PROCUREMENT
     33            OF SUBSTITUTE GOODS, TECHNOLOGY, SERVICES, OR ANY CLAIMS BY THIRD PARTIES
     34            (INCLUDING BUT NOT LIMITED TO ANY DEFENSE THEREOF), OR OTHER SIMILAR COSTS.
     35          
     36            Should you have any questions regarding your right to use this Software,
     37            contact Texas Instruments Incorporated at www.TI.com.
     38          **************************************************************************************************/
     39          
     40          /*********************************************************************
     41            This application isn't intended to do anything useful, it is
     42            intended to be a simple example of an application's structure.
     43          
     44            This application sends it's messages either as broadcast or
     45            broadcast filtered group messages.  The other (more normal)
     46            message addressing is unicast.  Most of the other sample
     47            applications are written to support the unicast message model.
     48          
     49            Key control:
     50              SW1:  Sends a flash command to all devices in Group 1.
     51              SW2:  Adds/Removes (toggles) this device in and out
     52                    of Group 1.  This will enable and disable the
     53                    reception of the flash command.
     54          *********************************************************************/
     55          
     56          /*********************************************************************
     57           * INCLUDES
     58           */
     59          #include "OSAL.h"
     60          #include "ZGlobals.h"
     61          #include "AF.h"
     62          #include "aps_groups.h"
     63          #include "ZDApp.h"
     64          
     65          #include "SampleApp.h"
     66          #include "SampleAppHw.h"
     67          
     68          #include "OnBoard.h"
     69          
     70          /* HAL */
     71          #include "hal_lcd.h"
     72          #include "hal_led.h"
     73          #include "hal_key.h"
     74          #include <string.h>
     75          
     76          
     77          //============================================
     78          
     79          #include "ZComDef.h"
     80          #include "hal_uart.h"
     81          #include "MT.h"
     82          #include "MT_UART.h"
     83          #include "OSAL_Memory.h"
     84          
     85          
     86          /*********************************************************************
     87           * MACROS
     88           */
     89          
     90          /*********************************************************************
     91           * CONSTANTS
     92           */
     93          
     94          /*********************************************************************
     95           * TYPEDEFS
     96           */
     97          
     98          /*********************************************************************
     99           * GLOBAL VARIABLES
    100           */
    101          
    102          // This list should be filled with Application specific Cluster IDs.

   \                                 In  segment XDATA_ROM_C, align 1
    103          const cId_t SampleApp_ClusterList[SAMPLEAPP_MAX_CLUSTERS] =
   \                     SampleApp_ClusterList:
   \   000000   0100         DW 1
   \   000002   0200         DW 2
    104          {
    105            SAMPLEAPP_PERIODIC_CLUSTERID,
    106            SAMPLEAPP_FLASH_CLUSTERID
    107          };
    108          

   \                                 In  segment XDATA_ROM_C, align 1
    109          const SimpleDescriptionFormat_t SampleApp_SimpleDesc =
   \                     SampleApp_SimpleDesc:
   \   000000   14           DB 20
   \   000001   080F         DW 3848
   \   000003   0100         DW 1
   \   000005   00           DB 0
   \   000006   02           DB 2
   \   000007   ....         DW SampleApp_ClusterList
   \   000009   02           DB 2
   \   00000A   ....         DW SampleApp_ClusterList
    110          {
    111            SAMPLEAPP_ENDPOINT,              //  int Endpoint;
    112            SAMPLEAPP_PROFID,                //  uint16 AppProfId[2];
    113            SAMPLEAPP_DEVICEID,              //  uint16 AppDeviceId[2];
    114            SAMPLEAPP_DEVICE_VERSION,        //  int   AppDevVer:4;
    115            SAMPLEAPP_FLAGS,                 //  int   AppFlags:4;
    116            SAMPLEAPP_MAX_CLUSTERS,          //  uint8  AppNumInClusters;
    117            (cId_t *)SampleApp_ClusterList,  //  uint8 *pAppInClusterList;
    118            SAMPLEAPP_MAX_CLUSTERS,          //  uint8  AppNumInClusters;
    119            (cId_t *)SampleApp_ClusterList   //  uint8 *pAppInClusterList;
    120          };
    121          
    122          // This is the Endpoint/Interface description.  It is defined here, but
    123          // filled-in in SampleApp_Init().  Another way to go would be to fill
    124          // in the structure here and make it a "const" (in code space).  The
    125          // way it's defined in this sample app it is define in RAM.

   \                                 In  segment XDATA_Z, align 1, keep-with-next
    126          endPointDesc_t SampleApp_epDesc;
   \                     SampleApp_epDesc:
   \   000000                DS 6
   \   000006                REQUIRE __INIT_XDATA_Z
    127          
    128          /*********************************************************************
    129           * EXTERNAL VARIABLES
    130           */
    131          
    132          /*********************************************************************
    133           * EXTERNAL FUNCTIONS
    134           */
    135          
    136          /*********************************************************************
    137           * LOCAL VARIABLES
    138           */

   \                                 In  segment XDATA_Z, align 1, keep-with-next
    139          uint8 SampleApp_TaskID;   // Task ID for internal task/event processing
   \                     SampleApp_TaskID:
   \   000000                DS 1
   \   000001                REQUIRE __INIT_XDATA_Z
    140                                    // This variable will be received when
    141                                    // SampleApp_Init() is called.

   \                                 In  segment XDATA_Z, align 1, keep-with-next
    142          devStates_t SampleApp_NwkState;
   \                     SampleApp_NwkState:
   \   000000                DS 1
   \   000001                REQUIRE __INIT_XDATA_Z
    143          

   \                                 In  segment XDATA_Z, align 1, keep-with-next
    144          uint8 SampleApp_TransID;  // This is the unique message ID (counter)
   \                     SampleApp_TransID:
   \   000000                DS 1
   \   000001                REQUIRE __INIT_XDATA_Z
    145          

   \                                 In  segment XDATA_Z, align 1, keep-with-next
    146          afAddrType_t SampleApp_Periodic_DstAddr;
   \                     SampleApp_Periodic_DstAddr:
   \   000000                DS 12
   \   00000C                REQUIRE __INIT_XDATA_Z

   \                                 In  segment XDATA_Z, align 1, keep-with-next
    147          afAddrType_t SampleApp_Flash_DstAddr;
   \                     SampleApp_Flash_DstAddr:
   \   000000                DS 12
   \   00000C                REQUIRE __INIT_XDATA_Z
    148          

   \                                 In  segment XDATA_Z, align 1, keep-with-next
    149          aps_Group_t SampleApp_Group;
   \                     SampleApp_Group:
   \   000000                DS 18
   \   000012                REQUIRE __INIT_XDATA_Z
    150          

   \                                 In  segment XDATA_Z, align 1, keep-with-next
    151          uint8 SampleAppPeriodicCounter = 0;
   \                     SampleAppPeriodicCounter:
   \   000000                DS 1
   \   000001                REQUIRE __INIT_XDATA_Z

   \                                 In  segment XDATA_Z, align 1, keep-with-next
    152          uint8 SampleAppFlashCounter = 0;
   \                     SampleAppFlashCounter:
   \   000000                DS 1
   \   000001                REQUIRE __INIT_XDATA_Z
    153          
    154          /*********************************************************************
    155           * LOCAL FUNCTIONS
    156           */
    157          void SampleApp_HandleKeys( uint8 shift, uint8 keys );
    158          void SampleApp_MessageMSGCB( afIncomingMSGPacket_t *pckt );
    159          void SampleApp_SendPeriodicMessage( void );
    160          void SampleApp_SendFlashMessage( uint16 flashTime );
    161          
    162          /*********************************************************************
    163           * NETWORK LAYER CALLBACKS
    164           */
    165          
    166          /*********************************************************************
    167           * PUBLIC FUNCTIONS
    168           */
    169          
    170          /*********************************************************************
    171           * @fn      SampleApp_Init
    172           *
    173           * @brief   Initialization function for the Generic App Task.
    174           *          This is called during initialization and should contain
    175           *          any application specific initialization (ie. hardware
    176           *          initialization/setup, table initialization, power up
    177           *          notificaiton ... ).
    178           *
    179           * @param   task_id - the ID assigned by OSAL.  This ID should be
    180           *                    used to send messages and set timers.
    181           *
    182           * @return  none
    183           */

   \                                 In  segment BANKED_CODE, align 1, keep-with-next
    184          void SampleApp_Init( uint8 task_id )
   \                     SampleApp_Init:
    185          {
   \   000000   74F5         MOV     A,#-0xb
   \   000002   12....       LCALL   ?BANKED_ENTER_XDATA
   \   000005                ; Saved register size: 11
   \   000005                ; Auto size: 0
   \   000005   E9           MOV     A,R1
   \   000006   FE           MOV     R6,A
    186            SampleApp_TaskID = task_id;
   \   000007   90....       MOV     DPTR,#SampleApp_TaskID
   \   00000A   F0           MOVX    @DPTR,A
    187            SampleApp_NwkState = DEV_INIT;
   \   00000B   90....       MOV     DPTR,#SampleApp_NwkState
   \   00000E   7401         MOV     A,#0x1
   \   000010   F0           MOVX    @DPTR,A
    188            SampleApp_TransID = 0;
   \   000011   90....       MOV     DPTR,#SampleApp_TransID
   \   000014   E4           CLR     A
   \   000015   F0           MOVX    @DPTR,A
    189          
    190            //初始化串口，打印字符
    191            MT_UartInit();
   \   000016                ; Setup parameters for call to function MT_UartInit
   \   000016   12....       LCALL   ??MT_UartInit?relay
    192            MT_UartRegisterTaskID(task_id);
   \   000019                ; Setup parameters for call to function MT_UartRegisterTaskID
   \   000019   EE           MOV     A,R6
   \   00001A   F9           MOV     R1,A
   \   00001B   12....       LCALL   ??MT_UartRegisterTaskID?relay
    193            
    194            
    195            //use serial port
    196            
    197            char *str="Hello world!\n";
    198             int len=strlen(str);
   \   00001E                ; Setup parameters for call to function strlen
   \   00001E   7A..         MOV     R2,#`?<Constant "Hello world!\\n">` & 0xff
   \   000020   7B..         MOV     R3,#(`?<Constant "Hello world!\\n">` >> 8) & 0xff
   \   000022   12....       LCALL   ??strlen?relay
    199             
    200           //  HalUARTWrite(0,str,len);
    201           
    202            
    203            
    204            
    205            
    206            
    207            
    208            
    209            
    210            
    211            
    212            
    213            
    214            
    215            // Device hardware initialization can be added here or in main() (Zmain.c).
    216            // If the hardware is application specific - add it here.
    217            // If the hardware is other parts of the device add it in main().
    218          
    219           #if defined ( BUILD_ALL_DEVICES )
    220            // The "Demo" target is setup to have BUILD_ALL_DEVICES and HOLD_AUTO_START
    221            // We are looking at a jumper (defined in SampleAppHw.c) to be jumpered
    222            // together - if they are - we will start up a coordinator. Otherwise,
    223            // the device will start as a router.
    224            if ( readCoordinatorJumper() )
    225              zgDeviceLogicalType = ZG_DEVICETYPE_COORDINATOR;
    226            else
    227              zgDeviceLogicalType = ZG_DEVICETYPE_ROUTER;
    228          #endif // BUILD_ALL_DEVICES
    229          
    230          #if defined ( HOLD_AUTO_START )
    231            // HOLD_AUTO_START is a compile option that will surpress ZDApp
    232            //  from starting the device and wait for the application to
    233            //  start the device.
    234            ZDOInitDevice(0);
    235          #endif
    236          
    237            // Setup for the periodic message's destination address
    238            // Broadcast to everyone
    239            SampleApp_Periodic_DstAddr.addrMode = (afAddrMode_t)AddrBroadcast;
   \   000025   90....       MOV     DPTR,#SampleApp_Periodic_DstAddr + 8
   \   000028   740F         MOV     A,#0xf
   \   00002A   F0           MOVX    @DPTR,A
    240            SampleApp_Periodic_DstAddr.endPoint = SAMPLEAPP_ENDPOINT;
   \   00002B   A3           INC     DPTR
   \   00002C   7414         MOV     A,#0x14
   \   00002E   F0           MOVX    @DPTR,A
    241            SampleApp_Periodic_DstAddr.addr.shortAddr = 0xFFFF;
   \   00002F   90....       MOV     DPTR,#SampleApp_Periodic_DstAddr
   \   000032   74FF         MOV     A,#-0x1
   \   000034   F0           MOVX    @DPTR,A
   \   000035   A3           INC     DPTR
   \   000036   F0           MOVX    @DPTR,A
    242          
    243            // Setup for the flash command's destination address - Group 1
    244            SampleApp_Flash_DstAddr.addrMode = (afAddrMode_t)afAddrGroup;
   \   000037   90....       MOV     DPTR,#SampleApp_Flash_DstAddr + 8
   \   00003A   7401         MOV     A,#0x1
   \   00003C   F0           MOVX    @DPTR,A
    245            SampleApp_Flash_DstAddr.endPoint = SAMPLEAPP_ENDPOINT;
   \   00003D   A3           INC     DPTR
   \   00003E   7414         MOV     A,#0x14
   \   000040   F0           MOVX    @DPTR,A
    246            SampleApp_Flash_DstAddr.addr.shortAddr = SAMPLEAPP_FLASH_GROUP;
   \   000041   90....       MOV     DPTR,#SampleApp_Flash_DstAddr
   \   000044   7401         MOV     A,#0x1
   \   000046   F0           MOVX    @DPTR,A
   \   000047   A3           INC     DPTR
   \   000048   E4           CLR     A
   \   000049   F0           MOVX    @DPTR,A
    247          
    248            // Fill out the endpoint description.
    249            SampleApp_epDesc.endPoint = SAMPLEAPP_ENDPOINT;
   \   00004A   90....       MOV     DPTR,#SampleApp_epDesc
   \   00004D   7414         MOV     A,#0x14
   \   00004F   F0           MOVX    @DPTR,A
    250            SampleApp_epDesc.task_id = &SampleApp_TaskID;
   \   000050   A3           INC     DPTR
   \   000051   74..         MOV     A,#SampleApp_TaskID & 0xff
   \   000053   F0           MOVX    @DPTR,A
   \   000054   A3           INC     DPTR
   \   000055   74..         MOV     A,#(SampleApp_TaskID >> 8) & 0xff
   \   000057   F0           MOVX    @DPTR,A
    251            SampleApp_epDesc.simpleDesc
    252                      = (SimpleDescriptionFormat_t *)&SampleApp_SimpleDesc;
   \   000058   A3           INC     DPTR
   \   000059   74..         MOV     A,#SampleApp_SimpleDesc & 0xff
   \   00005B   F0           MOVX    @DPTR,A
   \   00005C   A3           INC     DPTR
   \   00005D   74..         MOV     A,#(SampleApp_SimpleDesc >> 8) & 0xff
   \   00005F   F0           MOVX    @DPTR,A
    253            SampleApp_epDesc.latencyReq = noLatencyReqs;
   \   000060   A3           INC     DPTR
   \   000061   E4           CLR     A
   \   000062   F0           MOVX    @DPTR,A
    254          
    255            // Register the endpoint description with the AF
    256            afRegister( &SampleApp_epDesc );
   \   000063                ; Setup parameters for call to function afRegister
   \   000063   7A..         MOV     R2,#SampleApp_epDesc & 0xff
   \   000065   7B..         MOV     R3,#(SampleApp_epDesc >> 8) & 0xff
   \   000067   12....       LCALL   ??afRegister?relay
    257          
    258            // Register for all key events - This app will handle all key events
    259            RegisterForKeys( SampleApp_TaskID );
   \   00006A                ; Setup parameters for call to function RegisterForKeys
   \   00006A   90....       MOV     DPTR,#SampleApp_TaskID
   \   00006D   E0           MOVX    A,@DPTR
   \   00006E   F9           MOV     R1,A
   \   00006F   12....       LCALL   ??RegisterForKeys?relay
    260          
    261            // By default, all devices start out in Group 1
    262            SampleApp_Group.ID = 0x0001;
   \   000072   90....       MOV     DPTR,#SampleApp_Group
   \   000075   7401         MOV     A,#0x1
   \   000077   F0           MOVX    @DPTR,A
   \   000078   A3           INC     DPTR
   \   000079   E4           CLR     A
   \   00007A   F0           MOVX    @DPTR,A
    263            osal_memcpy( SampleApp_Group.name, "Group 1", 7  );
   \   00007B                ; Setup parameters for call to function osal_memcpy
   \   00007B   75....       MOV     ?V0 + 0,#`?<Constant "Group 1">` & 0xff
   \   00007E   75....       MOV     ?V0 + 1,#(`?<Constant "Group 1">` >> 8) & 0xff
   \   000081   F5..         MOV     ?V0 + 2,A
   \   000083   78..         MOV     R0,#?V0 + 0
   \   000085   12....       LCALL   ?PUSH_XSTACK_I_THREE
   \   000088   7C07         MOV     R4,#0x7
   \   00008A   7D00         MOV     R5,#0x0
   \   00008C   7A..         MOV     R2,#(SampleApp_Group + 2) & 0xff
   \   00008E   7B..         MOV     R3,#((SampleApp_Group + 2) >> 8) & 0xff
   \   000090   12....       LCALL   ??osal_memcpy?relay
   \   000093   7403         MOV     A,#0x3
   \   000095   12....       LCALL   ?DEALLOC_XSTACK8
    264            aps_AddGroup( SAMPLEAPP_ENDPOINT, &SampleApp_Group );
   \   000098                ; Setup parameters for call to function aps_AddGroup
   \   000098   7A..         MOV     R2,#SampleApp_Group & 0xff
   \   00009A   7B..         MOV     R3,#(SampleApp_Group >> 8) & 0xff
   \   00009C   7914         MOV     R1,#0x14
   \   00009E   12....       LCALL   ??aps_AddGroup?relay
    265          
    266          #if defined ( LCD_SUPPORTED )
    267            HalLcdWriteString( "SampleApp", HAL_LCD_LINE_1 );
    268          #endif
    269          }
   \   0000A1   7F03         MOV     R7,#0x3
   \   0000A3   02....       LJMP    ?BANKED_LEAVE_XDATA
    270          
    271          /*********************************************************************
    272           * @fn      SampleApp_ProcessEvent
    273           *
    274           * @brief   Generic Application Task event processor.  This function
    275           *          is called to process all events for the task.  Events
    276           *          include timers, messages and any other user defined events.
    277           *
    278           * @param   task_id  - The OSAL assigned task ID.
    279           * @param   events - events to process.  This is a bit map and can
    280           *                   contain more than one event.
    281           *
    282           * @return  none
    283           */

   \                                 In  segment BANKED_CODE, align 1, keep-with-next
    284          uint16 SampleApp_ProcessEvent( uint8 task_id, uint16 events )
   \                     SampleApp_ProcessEvent:
    285          {
   \   000000   74F4         MOV     A,#-0xc
   \   000002   12....       LCALL   ?BANKED_ENTER_XDATA
   \   000005                ; Saved register size: 12
   \   000005                ; Auto size: 0
   \   000005   EA           MOV     A,R2
   \   000006   FE           MOV     R6,A
   \   000007   EB           MOV     A,R3
   \   000008   FF           MOV     R7,A
    286            afIncomingMSGPacket_t *MSGpkt;
    287            (void)task_id;  // Intentionally unreferenced parameter
    288          
    289            if ( events & SYS_EVENT_MSG )
   \   000009   5480         ANL     A,#0x80
   \   00000B   6079         JZ      ??SampleApp_ProcessEvent_0
    290            {
    291              MSGpkt = (afIncomingMSGPacket_t *)osal_msg_receive( SampleApp_TaskID );
   \   00000D                ; Setup parameters for call to function osal_msg_receive
   \   00000D   802B         SJMP    ??SampleApp_ProcessEvent_1
    292              while ( MSGpkt )
    293              {
    294                switch ( MSGpkt->hdr.event )
    295                {
    296                  // Received when a key is pressed
    297                  case KEY_CHANGE:
    298                    SampleApp_HandleKeys( ((keyChange_t *)MSGpkt)->state, ((keyChange_t *)MSGpkt)->keys );
    299                    break;
    300          
    301                  // Received when a messages is received (OTA) for this endpoint
    302                  case AF_INCOMING_MSG_CMD:
    303                    SampleApp_MessageMSGCB( MSGpkt );
    304                    break;
    305          
    306                  // Received whenever the device changes state in the network
    307                  case ZDO_STATE_CHANGE:
    308                    SampleApp_NwkState = (devStates_t)(MSGpkt->hdr.status);
   \                     ??SampleApp_ProcessEvent_2:
   \   00000F   A3           INC     DPTR
   \   000010   E0           MOVX    A,@DPTR
   \   000011   90....       MOV     DPTR,#SampleApp_NwkState
   \   000014   F0           MOVX    @DPTR,A
    309                    if ( (SampleApp_NwkState == DEV_ZB_COORD) //协调器
    310                        || (SampleApp_NwkState == DEV_ROUTER)  //节点
    311                        || (SampleApp_NwkState == DEV_END_DEVICE) )  //终端
   \   000015   6409         XRL     A,#0x9
   \   000017   600A         JZ      ??SampleApp_ProcessEvent_3
   \   000019   E0           MOVX    A,@DPTR
   \   00001A   6407         XRL     A,#0x7
   \   00001C   6005         JZ      ??SampleApp_ProcessEvent_3
   \   00001E   E0           MOVX    A,@DPTR
   \   00001F   6406         XRL     A,#0x6
   \   000021   7010         JNZ     ??SampleApp_ProcessEvent_4
    312                    {
    313                      // Start sending the periodic message in a regular interval.
    314                      osal_start_timerEx( SampleApp_TaskID,
    315                                        SAMPLEAPP_SEND_PERIODIC_MSG_EVT,
    316                                        SAMPLEAPP_SEND_PERIODIC_MSG_TIMEOUT );
   \                     ??SampleApp_ProcessEvent_3:
   \   000023                ; Setup parameters for call to function osal_start_timerEx
   \   000023   7C88         MOV     R4,#-0x78
   \   000025   7D13         MOV     R5,#0x13
   \   000027   7A01         MOV     R2,#0x1
   \   000029   7B00         MOV     R3,#0x0
   \   00002B   90....       MOV     DPTR,#SampleApp_TaskID
   \   00002E   E0           MOVX    A,@DPTR
   \   00002F   F9           MOV     R1,A
   \   000030   12....       LCALL   ??osal_start_timerEx?relay
    317                    }
    318                    else
    319                    {
    320                      // Device is no longer in the network
    321                    }
    322                    break;
    323          
    324                  default:
    325                    break;
    326                }
    327          
    328                // Release the memory
    329                osal_msg_deallocate( (uint8 *)MSGpkt );
   \                     ??SampleApp_ProcessEvent_4:
   \   000033                ; Setup parameters for call to function osal_msg_deallocate
   \   000033   AA..         MOV     R2,?V0 + 0
   \   000035   AB..         MOV     R3,?V0 + 1
   \   000037   12....       LCALL   ??osal_msg_deallocate?relay
    330          
    331                // Next - if one is available
    332                MSGpkt = (afIncomingMSGPacket_t *)osal_msg_receive( SampleApp_TaskID );
   \   00003A                ; Setup parameters for call to function osal_msg_receive
   \                     ??SampleApp_ProcessEvent_1:
   \   00003A   90....       MOV     DPTR,#SampleApp_TaskID
   \   00003D   E0           MOVX    A,@DPTR
   \   00003E   F9           MOV     R1,A
   \   00003F   12....       LCALL   ??osal_msg_receive?relay
   \   000042   8A..         MOV     ?V0 + 0,R2
   \   000044   8B..         MOV     ?V0 + 1,R3
   \   000046   E5..         MOV     A,?V0 + 0
   \   000048   45..         ORL     A,?V0 + 1
   \   00004A   6032         JZ      ??SampleApp_ProcessEvent_5
   \   00004C   85..82       MOV     DPL,?V0 + 0
   \   00004F   85..83       MOV     DPH,?V0 + 1
   \   000052   E0           MOVX    A,@DPTR
   \   000053   24E6         ADD     A,#-0x1a
   \   000055   601E         JZ      ??SampleApp_ProcessEvent_6
   \   000057   245A         ADD     A,#0x5a
   \   000059   6006         JZ      ??SampleApp_ProcessEvent_7
   \   00005B   24EF         ADD     A,#-0x11
   \   00005D   60B0         JZ      ??SampleApp_ProcessEvent_2
   \   00005F   80D2         SJMP    ??SampleApp_ProcessEvent_4
   \                     ??SampleApp_ProcessEvent_7:
   \   000061                ; Setup parameters for call to function SampleApp_HandleKeys
   \   000061   A3           INC     DPTR
   \   000062   A3           INC     DPTR
   \   000063   A3           INC     DPTR
   \   000064   E0           MOVX    A,@DPTR
   \   000065   FA           MOV     R2,A
   \   000066   85..82       MOV     DPL,?V0 + 0
   \   000069   85..83       MOV     DPH,?V0 + 1
   \   00006C   A3           INC     DPTR
   \   00006D   A3           INC     DPTR
   \   00006E   E0           MOVX    A,@DPTR
   \   00006F   F9           MOV     R1,A
   \   000070   12....       LCALL   ??SampleApp_HandleKeys?relay
   \   000073   80BE         SJMP    ??SampleApp_ProcessEvent_4
   \                     ??SampleApp_ProcessEvent_6:
   \   000075                ; Setup parameters for call to function SampleApp_MessageMSGCB
   \   000075   AA..         MOV     R2,?V0 + 0
   \   000077   AB..         MOV     R3,?V0 + 1
   \   000079   12....       LCALL   ??SampleApp_MessageMSGCB?relay
   \   00007C   80B5         SJMP    ??SampleApp_ProcessEvent_4
    333              }
    334          
    335              // return unprocessed events
    336              return (events ^ SYS_EVENT_MSG);
   \                     ??SampleApp_ProcessEvent_5:
   \   00007E   EE           MOV     A,R6
   \   00007F   FA           MOV     R2,A
   \   000080   EF           MOV     A,R7
   \   000081   6480         XRL     A,#0x80
   \                     ??SampleApp_ProcessEvent_8:
   \   000083   FB           MOV     R3,A
   \   000084   802A         SJMP    ??SampleApp_ProcessEvent_9
    337            }
    338          
    339            // Send a message out - This event is generated by a timer
    340            //  (setup in SampleApp_Init()).
    341            if ( events & SAMPLEAPP_SEND_PERIODIC_MSG_EVT )
   \                     ??SampleApp_ProcessEvent_0:
   \   000086   EE           MOV     A,R6
   \   000087   A2E0         MOV     C,0xE0 /* A   */.0
   \   000089   5021         JNC     ??SampleApp_ProcessEvent_10
    342            {
    343              // Send the periodic message
    344              SampleApp_SendPeriodicMessage();
   \   00008B                ; Setup parameters for call to function SampleApp_SendPeriodicMessage
   \   00008B   12....       LCALL   ??SampleApp_SendPeriodicMessage?relay
    345          
    346              // Setup to send message again in normal period (+ a little jitter)
    347              osal_start_timerEx( SampleApp_TaskID, SAMPLEAPP_SEND_PERIODIC_MSG_EVT,
    348                  (SAMPLEAPP_SEND_PERIODIC_MSG_TIMEOUT + (osal_rand() & 0x00FF)) );
   \   00008E                ; Setup parameters for call to function osal_rand
   \   00008E   12....       LCALL   ??osal_rand?relay
   \   000091                ; Setup parameters for call to function osal_start_timerEx
   \   000091   EA           MOV     A,R2
   \   000092   2488         ADD     A,#-0x78
   \   000094   FC           MOV     R4,A
   \   000095   E4           CLR     A
   \   000096   3413         ADDC    A,#0x13
   \   000098   FD           MOV     R5,A
   \   000099   7A01         MOV     R2,#0x1
   \   00009B   7B00         MOV     R3,#0x0
   \   00009D   90....       MOV     DPTR,#SampleApp_TaskID
   \   0000A0   E0           MOVX    A,@DPTR
   \   0000A1   F9           MOV     R1,A
   \   0000A2   12....       LCALL   ??osal_start_timerEx?relay
    349          
    350              // return unprocessed events
    351              return (events ^ SAMPLEAPP_SEND_PERIODIC_MSG_EVT);
   \   0000A5   EE           MOV     A,R6
   \   0000A6   6401         XRL     A,#0x1
   \   0000A8   FA           MOV     R2,A
   \   0000A9   EF           MOV     A,R7
   \   0000AA   80D7         SJMP    ??SampleApp_ProcessEvent_8
    352            }
    353          
    354            // Discard unknown events
    355            return 0;
   \                     ??SampleApp_ProcessEvent_10:
   \   0000AC   7A00         MOV     R2,#0x0
   \   0000AE   7B00         MOV     R3,#0x0
   \                     ??SampleApp_ProcessEvent_9:
   \   0000B0   7F04         MOV     R7,#0x4
   \   0000B2   02....       LJMP    ?BANKED_LEAVE_XDATA
    356          }
    357          
    358          /*********************************************************************
    359           * Event Generation Functions
    360           */
    361          /*********************************************************************
    362           * @fn      SampleApp_HandleKeys   节点发送数据的函数
    363           *
    364           * @brief   Handles all key events for this device.
    365           *
    366           * @param   shift - true if in shift/alt.
    367           * @param   keys - bit field for key events. Valid entries:
    368           *                 HAL_KEY_SW_2
    369           *                 HAL_KEY_SW_1
    370           *
    371           * @return  none
    372           */

   \                                 In  segment BANKED_CODE, align 1, keep-with-next
    373          void SampleApp_HandleKeys( uint8 shift, uint8 keys )
   \                     SampleApp_HandleKeys:
    374          {
   \   000000   74F6         MOV     A,#-0xa
   \   000002   12....       LCALL   ?BANKED_ENTER_XDATA
   \   000005                ; Saved register size: 10
   \   000005                ; Auto size: 0
   \   000005   EA           MOV     A,R2
   \   000006   FE           MOV     R6,A
    375            (void)shift;  // Intentionally unreferenced parameter
    376            
    377            if ( keys & HAL_KEY_SW_1 )
   \   000007   A2E0         MOV     C,0xE0 /* A   */.0
   \   000009   5007         JNC     ??SampleApp_HandleKeys_0
    378            {
    379              /* This key sends the Flash Command is sent to Group 1.
    380               * This device will not receive the Flash Command from this
    381               * device (even if it belongs to group 1).
    382               */
    383              SampleApp_SendFlashMessage( SAMPLEAPP_FLASH_DURATION );
   \   00000B                ; Setup parameters for call to function SampleApp_SendFlashMessage
   \   00000B   7AE8         MOV     R2,#-0x18
   \   00000D   7B03         MOV     R3,#0x3
   \   00000F   12....       LCALL   ??SampleApp_SendFlashMessage?relay
    384            }
    385          
    386            if ( keys & HAL_KEY_SW_2 )
   \                     ??SampleApp_HandleKeys_0:
   \   000012   EE           MOV     A,R6
   \   000013   A2E1         MOV     C,0xE0 /* A   */.1
   \   000015   5024         JNC     ??SampleApp_HandleKeys_1
    387            {
    388              /* The Flashr Command is sent to Group 1.
    389               * This key toggles this device in and out of group 1.
    390               * If this device doesn't belong to group 1, this application
    391               * will not receive the Flash command sent to group 1.
    392               */
    393              aps_Group_t *grp;
    394              grp = aps_FindGroup( SAMPLEAPP_ENDPOINT, SAMPLEAPP_FLASH_GROUP );
    395              if ( grp )
   \   000017                ; Setup parameters for call to function aps_FindGroup
   \   000017   7A01         MOV     R2,#0x1
   \   000019   7B00         MOV     R3,#0x0
   \   00001B   7914         MOV     R1,#0x14
   \   00001D   12....       LCALL   ??aps_FindGroup?relay
   \   000020   8B..         MOV     ?V0 + 1,R3
   \   000022   EA           MOV     A,R2
   \   000023   45..         ORL     A,?V0 + 1
   \   000025   600B         JZ      ??SampleApp_HandleKeys_2
    396              {
    397                // Remove from the group
    398                aps_RemoveGroup( SAMPLEAPP_ENDPOINT, SAMPLEAPP_FLASH_GROUP );
   \   000027                ; Setup parameters for call to function aps_RemoveGroup
   \   000027   7A01         MOV     R2,#0x1
   \   000029   7B00         MOV     R3,#0x0
   \   00002B   7914         MOV     R1,#0x14
   \   00002D   12....       LCALL   ??aps_RemoveGroup?relay
   \   000030   8009         SJMP    ??SampleApp_HandleKeys_1
    399              }
    400              else
    401              {
    402                // Add to the flash group
    403                aps_AddGroup( SAMPLEAPP_ENDPOINT, &SampleApp_Group );
   \                     ??SampleApp_HandleKeys_2:
   \   000032                ; Setup parameters for call to function aps_AddGroup
   \   000032   7A..         MOV     R2,#SampleApp_Group & 0xff
   \   000034   7B..         MOV     R3,#(SampleApp_Group >> 8) & 0xff
   \   000036   7914         MOV     R1,#0x14
   \   000038   12....       LCALL   ??aps_AddGroup?relay
    404              }
    405            }
    406          }
   \                     ??SampleApp_HandleKeys_1:
   \   00003B   80..         SJMP    ??Subroutine1_0

   \                                 In  segment BANKED_CODE, align 1, keep-with-next
   \                     ??Subroutine1_0:
   \   000000   7F02         MOV     R7,#0x2
   \   000002   02....       LJMP    ?BANKED_LEAVE_XDATA
    407          
    408          /*********************************************************************
    409           * LOCAL FUNCTIONS
    410           */
    411          
    412          /*********************************************************************
    413           * @fn      SampleApp_MessageMSGCB 
    414          协调器接收的函数
    415           *
    416           * @brief   Data message processor callback.  This function processes
    417           *          any incoming data - probably from other devices.  So, based
    418           *          on cluster ID, perform the intended action.
    419           *
    420           * @param   none
    421           *
    422           * @return  none
    423           */

   \                                 In  segment BANKED_CODE, align 1, keep-with-next
    424          void SampleApp_MessageMSGCB( afIncomingMSGPacket_t *pkt )
   \                     SampleApp_MessageMSGCB:
    425          {
   \   000000   74F6         MOV     A,#-0xa
   \   000002   12....       LCALL   ?BANKED_ENTER_XDATA
   \   000005                ; Saved register size: 10
   \   000005                ; Auto size: 0
    426            uint16 flashTime;
    427          
    428            switch ( pkt->clusterId )
   \   000005   8A82         MOV     DPL,R2
   \   000007   8B83         MOV     DPH,R3
   \   000009   A3           INC     DPTR
   \   00000A   A3           INC     DPTR
   \   00000B   A3           INC     DPTR
   \   00000C   A3           INC     DPTR
   \   00000D   E0           MOVX    A,@DPTR
   \   00000E   F5..         MOV     ?V0 + 0,A
   \   000010   A3           INC     DPTR
   \   000011   E0           MOVX    A,@DPTR
   \   000012   F5..         MOV     ?V0 + 1,A
   \   000014   78..         MOV     R0,#?V0 + 0
   \   000016   12....       LCALL   ?US_SWITCH_DENSE
   \                     `?<Jumptable for SampleApp_MessageMSGCB>_0`:
   \   000019   0100         DW        1
   \   00001B   01           DB        1
   \   00001C   ....         DW        ??SampleApp_MessageMSGCB_0
   \   00001E   ....         DW        ??SampleApp_MessageMSGCB_1
   \   000020   ....         DW        ??SampleApp_MessageMSGCB_2
    429            {
    430              case SAMPLEAPP_PERIODIC_CLUSTERID:
    431                HalUARTWrite(0,"hello world!\n",13); //发送信息
   \                     ??SampleApp_MessageMSGCB_1:
   \   000022                ; Setup parameters for call to function HalUARTWrite
   \   000022   7C0D         MOV     R4,#0xd
   \   000024   7D00         MOV     R5,#0x0
   \   000026   7A..         MOV     R2,#`?<Constant "hello world!\\n">` & 0xff
   \   000028   7B..         MOV     R3,#(`?<Constant "hello world!\\n">` >> 8) & 0xff
   \   00002A   7900         MOV     R1,#0x0
   \   00002C   12....       LCALL   ??HalUARTWrite?relay
    432                break;
   \   00002F   803B         SJMP    ??SampleApp_MessageMSGCB_0
    433          
    434              case SAMPLEAPP_FLASH_CLUSTERID:
    435                flashTime = BUILD_UINT16(pkt->cmd.Data[1], pkt->cmd.Data[2] );
    436                HalLedBlink( HAL_LED_4, 4, 50, (flashTime / 4) );
   \                     ??SampleApp_MessageMSGCB_2:
   \   000031   EA           MOV     A,R2
   \   000032   2421         ADD     A,#0x21
   \   000034   F582         MOV     DPL,A
   \   000036   EB           MOV     A,R3
   \   000037   3400         ADDC    A,#0x0
   \   000039   F583         MOV     DPH,A
   \   00003B   E0           MOVX    A,@DPTR
   \   00003C   F8           MOV     R0,A
   \   00003D   A3           INC     DPTR
   \   00003E   E0           MOVX    A,@DPTR
   \   00003F   F9           MOV     R1,A
   \   000040                ; Setup parameters for call to function HalLedBlink
   \   000040   8882         MOV     DPL,R0
   \   000042   8983         MOV     DPH,R1
   \   000044   A3           INC     DPTR
   \   000045   E0           MOVX    A,@DPTR
   \   000046   FA           MOV     R2,A
   \   000047   8882         MOV     DPL,R0
   \   000049   8983         MOV     DPH,R1
   \   00004B   A3           INC     DPTR
   \   00004C   A3           INC     DPTR
   \   00004D   E0           MOVX    A,@DPTR
   \   00004E   F9           MOV     R1,A
   \   00004F   EA           MOV     A,R2
   \   000050   2400         ADD     A,#0x0
   \   000052   F5..         MOV     ?V0 + 0,A
   \   000054   E4           CLR     A
   \   000055   39           ADDC    A,R1
   \   000056   F5..         MOV     ?V0 + 1,A
   \   000058   7402         MOV     A,#0x2
   \   00005A   78..         MOV     R0,#?V0 + 0
   \   00005C   12....       LCALL   ?US_SHR
   \   00005F   AC..         MOV     R4,?V0 + 0
   \   000061   AD..         MOV     R5,?V0 + 1
   \   000063   7B32         MOV     R3,#0x32
   \   000065   7A04         MOV     R2,#0x4
   \   000067   7908         MOV     R1,#0x8
   \   000069   12....       LCALL   ??HalLedBlink?relay
    437                break;
    438            }
    439          }
   \                     ??SampleApp_MessageMSGCB_0:
   \   00006C   80..         SJMP    ??Subroutine1_0
    440          
    441          /*********************************************************************
    442           * @fn      SampleApp_SendPeriodicMessage
    443           *
    444           * @brief   Send the periodic message.
    445           *
    446           * @param   none
    447           *
    448           * @return  none
    449           */

   \                                 In  segment BANKED_CODE, align 1, keep-with-next
   \                     ?Subroutine0:
   \   000000   12....       LCALL   ?DEALLOC_XSTACK8
   \   000003                REQUIRE ??Subroutine1_0
   \   000003                ; // Fall through to label ??Subroutine1_0

   \                                 In  segment BANKED_CODE, align 1, keep-with-next
    450          void SampleApp_SendPeriodicMessage( void )
   \                     SampleApp_SendPeriodicMessage:
    451          {  
   \   000000   74F6         MOV     A,#-0xa
   \   000002   12....       LCALL   ?BANKED_ENTER_XDATA
   \   000005                ; Saved register size: 10
   \   000005                ; Auto size: 0
    452            if ( AF_DataRequest( &SampleApp_Periodic_DstAddr, &SampleApp_epDesc,
    453                                 SAMPLEAPP_PERIODIC_CLUSTERID, //检测数据发送的ID
    454                                 1,//内容的大小
    455                                 (uint8*)&SampleAppPeriodicCounter, //节点发送给协调器的内容
    456                                 &SampleApp_TransID,
    457                                 AF_DISCV_ROUTE,
    458                                 AF_DEFAULT_RADIUS ) == afStatus_SUCCESS )
   \   000005                ; Setup parameters for call to function AF_DataRequest
   \   000005   75..1E       MOV     ?V0 + 0,#0x1e
   \   000008   78..         MOV     R0,#?V0 + 0
   \   00000A   12....       LCALL   ?PUSH_XSTACK_I_ONE
   \   00000D   75....       MOV     ?V0 + 0,#SampleApp_TransID & 0xff
   \   000010   75....       MOV     ?V0 + 1,#(SampleApp_TransID >> 8) & 0xff
   \   000013   78..         MOV     R0,#?V0 + 0
   \   000015   12....       LCALL   ?PUSH_XSTACK_I_TWO
   \   000018   75....       MOV     ?V0 + 0,#SampleAppPeriodicCounter & 0xff
   \   00001B   75....       MOV     ?V0 + 1,#(SampleAppPeriodicCounter >> 8) & 0xff
   \   00001E   78..         MOV     R0,#?V0 + 0
   \   000020   12....       LCALL   ?PUSH_XSTACK_I_TWO
   \   000023   75..01       MOV     ?V0 + 0,#0x1
   \   000026   75..00       MOV     ?V0 + 1,#0x0
   \   000029   78..         MOV     R0,#?V0 + 0
   \   00002B   12....       LCALL   ?PUSH_XSTACK_I_TWO
   \   00002E   78..         MOV     R0,#?V0 + 0
   \   000030   12....       LCALL   ?PUSH_XSTACK_I_TWO
   \   000033   7920         MOV     R1,#0x20
   \   000035   7C..         MOV     R4,#SampleApp_epDesc & 0xff
   \   000037   7D..         MOV     R5,#(SampleApp_epDesc >> 8) & 0xff
   \   000039   7A..         MOV     R2,#SampleApp_Periodic_DstAddr & 0xff
   \   00003B   7B..         MOV     R3,#(SampleApp_Periodic_DstAddr >> 8) & 0xff
   \   00003D   12....       LCALL   ??AF_DataRequest?relay
   \   000040   7409         MOV     A,#0x9
   \   000042   02....       LJMP    ?Subroutine0 & 0xFFFF
    459            {
    460            }
    461            else
    462            {
    463              // Error occurred in request to send.
    464            }
    465          }
    466          
    467          /*********************************************************************
    468           * @fn      SampleApp_SendFlashMessage
    469           *
    470           * @brief   Send the flash message to group 1.
    471           *
    472           * @param   flashTime - in milliseconds
    473           *
    474           * @return  none
    475           */

   \                                 In  segment BANKED_CODE, align 1, keep-with-next
    476          void SampleApp_SendFlashMessage( uint16 flashTime )
   \                     SampleApp_SendFlashMessage:
    477          {
   \   000000   74F6         MOV     A,#-0xa
   \   000002   12....       LCALL   ?BANKED_ENTER_XDATA
   \   000005                ; Saved register size: 10
   \   000005                ; Auto size: 3
   \   000005   74FD         MOV     A,#-0x3
   \   000007   12....       LCALL   ?ALLOC_XSTACK8
    478            uint8 buffer[3];
    479            buffer[0] = (uint8)(SampleAppFlashCounter++);
   \   00000A   90....       MOV     DPTR,#SampleAppFlashCounter
   \   00000D   E0           MOVX    A,@DPTR
   \   00000E   85..82       MOV     DPL,?XSP + 0
   \   000011   85..83       MOV     DPH,?XSP + 1
   \   000014   F0           MOVX    @DPTR,A
   \   000015   90....       MOV     DPTR,#SampleAppFlashCounter
   \   000018   E0           MOVX    A,@DPTR
   \   000019   04           INC     A
   \   00001A   F0           MOVX    @DPTR,A
    480            buffer[1] = LO_UINT16( flashTime );
   \   00001B   7401         MOV     A,#0x1
   \   00001D   12....       LCALL   ?XSTACK_DISP0_8
   \   000020   EA           MOV     A,R2
   \   000021   F0           MOVX    @DPTR,A
    481            buffer[2] = HI_UINT16( flashTime );
   \   000022   7402         MOV     A,#0x2
   \   000024   12....       LCALL   ?XSTACK_DISP0_8
   \   000027   EB           MOV     A,R3
   \   000028   F0           MOVX    @DPTR,A
    482          
    483            if ( AF_DataRequest( &SampleApp_Flash_DstAddr, &SampleApp_epDesc,
    484                                 SAMPLEAPP_FLASH_CLUSTERID,
    485                                 3,
    486                                 buffer,
    487                                 &SampleApp_TransID,
    488                                 AF_DISCV_ROUTE,
    489                                 AF_DEFAULT_RADIUS ) == afStatus_SUCCESS )
   \   000029                ; Setup parameters for call to function AF_DataRequest
   \   000029   75..1E       MOV     ?V0 + 0,#0x1e
   \   00002C   78..         MOV     R0,#?V0 + 0
   \   00002E   12....       LCALL   ?PUSH_XSTACK_I_ONE
   \   000031   75....       MOV     ?V0 + 0,#SampleApp_TransID & 0xff
   \   000034   75....       MOV     ?V0 + 1,#(SampleApp_TransID >> 8) & 0xff
   \   000037   78..         MOV     R0,#?V0 + 0
   \   000039   12....       LCALL   ?PUSH_XSTACK_I_TWO
   \   00003C   7403         MOV     A,#0x3
   \   00003E   12....       LCALL   ?XSTACK_DISP0_8
   \   000041   8582..       MOV     ?V0 + 0,DPL
   \   000044   8583..       MOV     ?V0 + 1,DPH
   \   000047   78..         MOV     R0,#?V0 + 0
   \   000049   12....       LCALL   ?PUSH_XSTACK_I_TWO
   \   00004C   75..03       MOV     ?V0 + 0,#0x3
   \   00004F   75..00       MOV     ?V0 + 1,#0x0
   \   000052   78..         MOV     R0,#?V0 + 0
   \   000054   12....       LCALL   ?PUSH_XSTACK_I_TWO
   \   000057   75..02       MOV     ?V0 + 0,#0x2
   \   00005A   78..         MOV     R0,#?V0 + 0
   \   00005C   12....       LCALL   ?PUSH_XSTACK_I_TWO
   \   00005F   7920         MOV     R1,#0x20
   \   000061   7C..         MOV     R4,#SampleApp_epDesc & 0xff
   \   000063   7D..         MOV     R5,#(SampleApp_epDesc >> 8) & 0xff
   \   000065   7A..         MOV     R2,#SampleApp_Flash_DstAddr & 0xff
   \   000067   7B..         MOV     R3,#(SampleApp_Flash_DstAddr >> 8) & 0xff
   \   000069   12....       LCALL   ??AF_DataRequest?relay
   \   00006C   7409         MOV     A,#0x9
   \   00006E   12....       LCALL   ?DEALLOC_XSTACK8
    490            {
    491            }
    492            else
    493            {
    494              // Error occurred in request to send.
    495            }
    496          }
   \   000071   7403         MOV     A,#0x3
   \   000073   02....       LJMP    ?Subroutine0 & 0xFFFF

   \                                 In  segment BANK_RELAYS, align 1
   \                     ??SampleApp_Init?relay:
   \   000000   12....       LCALL   ?BDISPATCH
   \   000003   ......       DC24    SampleApp_Init

   \                                 In  segment BANK_RELAYS, align 1
   \                     ??SampleApp_ProcessEvent?relay:
   \   000000   12....       LCALL   ?BDISPATCH
   \   000003   ......       DC24    SampleApp_ProcessEvent

   \                                 In  segment BANK_RELAYS, align 1
   \                     ??SampleApp_HandleKeys?relay:
   \   000000   12....       LCALL   ?BDISPATCH
   \   000003   ......       DC24    SampleApp_HandleKeys

   \                                 In  segment BANK_RELAYS, align 1
   \                     ??SampleApp_MessageMSGCB?relay:
   \   000000   12....       LCALL   ?BDISPATCH
   \   000003   ......       DC24    SampleApp_MessageMSGCB

   \                                 In  segment BANK_RELAYS, align 1
   \                     ??SampleApp_SendPeriodicMessage?relay:
   \   000000   12....       LCALL   ?BDISPATCH
   \   000003   ......       DC24    SampleApp_SendPeriodicMessage

   \                                 In  segment BANK_RELAYS, align 1
   \                     ??SampleApp_SendFlashMessage?relay:
   \   000000   12....       LCALL   ?BDISPATCH
   \   000003   ......       DC24    SampleApp_SendFlashMessage

   \                                 In  segment XDATA_ROM_C, align 1
   \                     `?<Constant "Hello world!\\n">`:
   \   000000   48656C6C     DB "Hello world!\012"
   \            6F20776F
   \            726C6421
   \            0A00    

   \                                 In  segment XDATA_ROM_C, align 1
   \                     `?<Constant "Group 1">`:
   \   000000   47726F75     DB "Group 1"
   \            70203100

   \                                 In  segment XDATA_ROM_C, align 1
   \                     `?<Constant "hello world!\\n">`:
   \   000000   68656C6C     DB "hello world!\012"
   \            6F20776F
   \            726C6421
   \            0A00    
    497          
    498          /*********************************************************************
    499          *********************************************************************/

   Maximum stack usage in bytes:

     Function                       ISTACK PSTACK XSTACK
     --------                       ------ ------ ------
     SampleApp_HandleKeys               0      0     22
       -> SampleApp_SendFlashMessage
                                        0      0     20
       -> aps_FindGroup                 0      0     20
       -> aps_RemoveGroup               0      0     20
       -> aps_AddGroup                  0      0     20
     SampleApp_Init                     0      0     14
       -> MT_UartInit                   0      0     22
       -> MT_UartRegisterTaskID         0      0     22
       -> strlen                        0      0     22
       -> afRegister                    0      0     22
       -> RegisterForKeys               0      0     22
       -> osal_memcpy                   0      0     28
       -> aps_AddGroup                  0      0     22
     SampleApp_MessageMSGCB             0      0     22
       -> HalUARTWrite                  0      0     20
       -> HalLedBlink                   0      0     20
     SampleApp_ProcessEvent             0      0     12
       -> osal_msg_receive              0      0     24
       -> osal_start_timerEx            0      0     24
       -> osal_msg_deallocate           0      0     24
       -> osal_msg_receive              0      0     24
       -> SampleApp_HandleKeys          0      0     24
       -> SampleApp_MessageMSGCB        0      0     24
       -> SampleApp_SendPeriodicMessage
                                        0      0     24
       -> osal_rand                     0      0     24
       -> osal_start_timerEx            0      0     24
     SampleApp_SendFlashMessage         1      0     32
       -> AF_DataRequest                0      0     44
     SampleApp_SendPeriodicMessage      0      0     31
       -> AF_DataRequest                0      0     38


   Segment part sizes:

     Function/Label                        Bytes
     --------------                        -----
     SampleApp_ClusterList                    4
     SampleApp_SimpleDesc                    12
     SampleApp_epDesc                         6
     SampleApp_TaskID                         1
     SampleApp_NwkState                       1
     SampleApp_TransID                        1
     SampleApp_Periodic_DstAddr              12
     SampleApp_Flash_DstAddr                 12
     SampleApp_Group                         18
     SampleAppPeriodicCounter                 1
     SampleAppFlashCounter                    1
     SampleApp_Init                         166
     SampleApp_ProcessEvent                 181
     SampleApp_HandleKeys                    61
     ??Subroutine1_0                          5
     SampleApp_MessageMSGCB                 110
     ?Subroutine0                             3
     SampleApp_SendPeriodicMessage           69
     SampleApp_SendFlashMessage             118
     ??SampleApp_Init?relay                   6
     ??SampleApp_ProcessEvent?relay           6
     ??SampleApp_HandleKeys?relay             6
     ??SampleApp_MessageMSGCB?relay           6
     ??SampleApp_SendPeriodicMessage?relay    6
     ??SampleApp_SendFlashMessage?relay       6
     ?<Constant "Hello world!\n">            14
     ?<Constant "Group 1">                    8
     ?<Constant "hello world!\n">            14

 
 713 bytes in segment BANKED_CODE
  36 bytes in segment BANK_RELAYS
  52 bytes in segment XDATA_ROM_C
  53 bytes in segment XDATA_Z
 
 749 bytes of CODE  memory
  52 bytes of CONST memory
  53 bytes of XDATA memory

Errors: none
Warnings: none
