###############################################################################
#                                                                             #
# IAR C/C++ Compiler V8.10.3.10338/W32 for 8051         11/Sep/2018  17:41:52 #
# Copyright 2004-2011 IAR Systems AB.                                         #
#                                                                             #
#    Core               =  plain                                              #
#    Code model         =  banked                                             #
#    Data model         =  large                                              #
#    Calling convention =  xdata reentrant                                    #
#    Constant location  =  data_rom                                           #
#    Dptr setup         =  1,16                                               #
#    Source file        =  C:\Users\Administrator\Desktop\Embed\day8\code\ZSt #
#                          ack-CC2530-2.3.0-1.4.0\Projects\zstack\ZMain\TI253 #
#                          0DB\ZMain.c                                        #
#    Command line       =  -f C:\Users\Administrator\Desktop\Embed\day8\code\ #
#                          ZStack-CC2530-2.3.0-1.4.0\Projects\zstack\Samples\ #
#                          SampleApp\CC2530DB\..\..\..\Tools\CC2530DB\f8wCoor #
#                          d.cfg (-DCPU32MHZ -DROOT=__near_func               #
#                          -DMAC_CFG_APP_PENDING_QUEUE=TRUE                   #
#                          -DZDO_COORDINATOR -DRTR_NWK -DBLINK_LEDS) -f       #
#                          C:\Users\Administrator\Desktop\Embed\day8\code\ZSt #
#                          ack-CC2530-2.3.0-1.4.0\Projects\zstack\Samples\Sam #
#                          pleApp\CC2530DB\..\..\..\Tools\CC2530DB\f8wConfig. #
#                          cfg (-DSECURE=0 -DZG_SECURE_DYNAMIC=0 -DREFLECTOR  #
#                          -DDEFAULT_CHANLIST=0x00000800                      #
#                          -DZDAPP_CONFIG_PAN_ID=0x99 -DNWK_START_DELAY=100   #
#                          -DEXTENDED_JOINING_RANDOM_MASK=0x007F              #
#                          -DBEACON_REQUEST_DELAY=100                         #
#                          -DBEACON_REQ_DELAY_MASK=0x00FF                     #
#                          -DROUTE_EXPIRY_TIME=30 -DAPSC_ACK_WAIT_DURATION_PO #
#                          LLED=3000 -DNWK_INDIRECT_MSG_TIMEOUT=7             #
#                          -DMAX_RREQ_ENTRIES=8 -DAPSC_MAX_FRAME_RETRIES=3    #
#                          -DNWK_MAX_DATA_RETRIES=2                           #
#                          -DMAX_POLL_FAILURE_RETRIES=2 -DMAX_BCAST=9         #
#                          -DAPS_MAX_GROUPS=16 -DMAX_RTG_ENTRIES=40           #
#                          -DNWK_MAX_BINDING_ENTRIES=4                        #
#                          -DMAX_BINDING_CLUSTER_IDS=4 "-DDEFAULT_KEY={0x01,  #
#                          0x03, 0x05, 0x07, 0x09, 0x0B, 0x0D, 0x0F, 0x00,    #
#                          0x02, 0x04, 0x06, 0x08, 0x0A, 0x0C, 0x0D}"         #
#                          -DMAC_MAX_FRAME_SIZE=116 "-DCONST=const __code"    #
#                          -DGENERIC=__generic -DRFD_RCVC_ALWAYS_ON=FALSE     #
#                          -DPOLL_RATE=1000 -DQUEUED_POLL_RATE=100            #
#                          -DRESPONSE_POLL_RATE=100) -DREJOIN_POLL_RATE=440   #
#                          C:\Users\Administrator\Desktop\Embed\day8\code\ZSt #
#                          ack-CC2530-2.3.0-1.4.0\Projects\zstack\ZMain\TI253 #
#                          0DB\ZMain.c -D ZTOOL_P1 -D MT_TASK -D MT_SYS_FUNC  #
#                          -D MT_ZDO_FUNC -D LCD_SUPPORTED=DEBUG -lC          #
#                          C:\Users\Administrator\Desktop\Embed\day8\code\ZSt #
#                          ack-CC2530-2.3.0-1.4.0\Projects\zstack\Samples\Sam #
#                          pleApp\CC2530DB\CoordinatorEB\List\ -lA            #
#                          C:\Users\Administrator\Desktop\Embed\day8\code\ZSt #
#                          ack-CC2530-2.3.0-1.4.0\Projects\zstack\Samples\Sam #
#                          pleApp\CC2530DB\CoordinatorEB\List\                #
#                          --diag_suppress Pe001,Pa010 -o                     #
#                          C:\Users\Administrator\Desktop\Embed\day8\code\ZSt #
#                          ack-CC2530-2.3.0-1.4.0\Projects\zstack\Samples\Sam #
#                          pleApp\CC2530DB\CoordinatorEB\Obj\ -e --debug      #
#                          --core=plain --dptr=16,1 --data_model=large        #
#                          --code_model=banked --calling_convention=xdata_ree #
#                          ntrant --place_constants=data_rom                  #
#                          --nr_virtual_regs 16 -I C:\Users\Administrator\Des #
#                          ktop\Embed\day8\code\ZStack-CC2530-2.3.0-1.4.0\Pro #
#                          jects\zstack\Samples\SampleApp\CC2530DB\ -I        #
#                          C:\Users\Administrator\Desktop\Embed\day8\code\ZSt #
#                          ack-CC2530-2.3.0-1.4.0\Projects\zstack\Samples\Sam #
#                          pleApp\CC2530DB\..\SOURCE\ -I                      #
#                          C:\Users\Administrator\Desktop\Embed\day8\code\ZSt #
#                          ack-CC2530-2.3.0-1.4.0\Projects\zstack\Samples\Sam #
#                          pleApp\CC2530DB\..\..\..\ZMAIN\TI2530DB\ -I        #
#                          C:\Users\Administrator\Desktop\Embed\day8\code\ZSt #
#                          ack-CC2530-2.3.0-1.4.0\Projects\zstack\Samples\Sam #
#                          pleApp\CC2530DB\..\..\..\..\..\COMPONENTS\MT\ -I   #
#                          C:\Users\Administrator\Desktop\Embed\day8\code\ZSt #
#                          ack-CC2530-2.3.0-1.4.0\Projects\zstack\Samples\Sam #
#                          pleApp\CC2530DB\..\..\..\..\..\COMPONENTS\HAL\INCL #
#                          UDE\ -I C:\Users\Administrator\Desktop\Embed\day8\ #
#                          code\ZStack-CC2530-2.3.0-1.4.0\Projects\zstack\Sam #
#                          ples\SampleApp\CC2530DB\..\..\..\..\..\COMPONENTS\ #
#                          HAL\TARGET\CC2530EB\ -I C:\Users\Administrator\Des #
#                          ktop\Embed\day8\code\ZStack-CC2530-2.3.0-1.4.0\Pro #
#                          jects\zstack\Samples\SampleApp\CC2530DB\..\..\..\. #
#                          .\..\COMPONENTS\OSAL\MCU\CCSOC\ -I                 #
#                          C:\Users\Administrator\Desktop\Embed\day8\code\ZSt #
#                          ack-CC2530-2.3.0-1.4.0\Projects\zstack\Samples\Sam #
#                          pleApp\CC2530DB\..\..\..\..\..\COMPONENTS\OSAL\INC #
#                          LUDE\ -I C:\Users\Administrator\Desktop\Embed\day8 #
#                          \code\ZStack-CC2530-2.3.0-1.4.0\Projects\zstack\Sa #
#                          mples\SampleApp\CC2530DB\..\..\..\..\..\COMPONENTS #
#                          \STACK\AF\ -I C:\Users\Administrator\Desktop\Embed #
#                          \day8\code\ZStack-CC2530-2.3.0-1.4.0\Projects\zsta #
#                          ck\Samples\SampleApp\CC2530DB\..\..\..\..\..\COMPO #
#                          NENTS\STACK\NWK\ -I C:\Users\Administrator\Desktop #
#                          \Embed\day8\code\ZStack-CC2530-2.3.0-1.4.0\Project #
#                          s\zstack\Samples\SampleApp\CC2530DB\..\..\..\..\.. #
#                          \COMPONENTS\STACK\SEC\ -I                          #
#                          C:\Users\Administrator\Desktop\Embed\day8\code\ZSt #
#                          ack-CC2530-2.3.0-1.4.0\Projects\zstack\Samples\Sam #
#                          pleApp\CC2530DB\..\..\..\..\..\COMPONENTS\STACK\SA #
#                          PI\ -I C:\Users\Administrator\Desktop\Embed\day8\c #
#                          ode\ZStack-CC2530-2.3.0-1.4.0\Projects\zstack\Samp #
#                          les\SampleApp\CC2530DB\..\..\..\..\..\COMPONENTS\S #
#                          TACK\SYS\ -I C:\Users\Administrator\Desktop\Embed\ #
#                          day8\code\ZStack-CC2530-2.3.0-1.4.0\Projects\zstac #
#                          k\Samples\SampleApp\CC2530DB\..\..\..\..\..\COMPON #
#                          ENTS\STACK\ZDO\ -I C:\Users\Administrator\Desktop\ #
#                          Embed\day8\code\ZStack-CC2530-2.3.0-1.4.0\Projects #
#                          \zstack\Samples\SampleApp\CC2530DB\..\..\..\..\..\ #
#                          COMPONENTS\ZMAC\F8W\ -I C:\Users\Administrator\Des #
#                          ktop\Embed\day8\code\ZStack-CC2530-2.3.0-1.4.0\Pro #
#                          jects\zstack\Samples\SampleApp\CC2530DB\..\..\..\. #
#                          .\..\COMPONENTS\ZMAC\ -I                           #
#                          C:\Users\Administrator\Desktop\Embed\day8\code\ZSt #
#                          ack-CC2530-2.3.0-1.4.0\Projects\zstack\Samples\Sam #
#                          pleApp\CC2530DB\..\..\..\..\..\COMPONENTS\SERVICES #
#                          \SADDR\ -I C:\Users\Administrator\Desktop\Embed\da #
#                          y8\code\ZStack-CC2530-2.3.0-1.4.0\Projects\zstack\ #
#                          Samples\SampleApp\CC2530DB\..\..\..\..\..\COMPONEN #
#                          TS\SERVICES\SDATA\ -I C:\Users\Administrator\Deskt #
#                          op\Embed\day8\code\ZStack-CC2530-2.3.0-1.4.0\Proje #
#                          cts\zstack\Samples\SampleApp\CC2530DB\..\..\..\..\ #
#                          ..\COMPONENTS\MAC\INCLUDE\ -I                      #
#                          C:\Users\Administrator\Desktop\Embed\day8\code\ZSt #
#                          ack-CC2530-2.3.0-1.4.0\Projects\zstack\Samples\Sam #
#                          pleApp\CC2530DB\..\..\..\..\..\COMPONENTS\MAC\HIGH #
#                          _LEVEL\ -I C:\Users\Administrator\Desktop\Embed\da #
#                          y8\code\ZStack-CC2530-2.3.0-1.4.0\Projects\zstack\ #
#                          Samples\SampleApp\CC2530DB\..\..\..\..\..\COMPONEN #
#                          TS\MAC\LOW_LEVEL\srf04\ -I                         #
#                          C:\Users\Administrator\Desktop\Embed\day8\code\ZSt #
#                          ack-CC2530-2.3.0-1.4.0\Projects\zstack\Samples\Sam #
#                          pleApp\CC2530DB\..\..\..\..\..\COMPONENTS\MAC\LOW_ #
#                          LEVEL\srf04\SINGLE_CHIP\ -Ohz                      #
#    List file          =  C:\Users\Administrator\Desktop\Embed\day8\code\ZSt #
#                          ack-CC2530-2.3.0-1.4.0\Projects\zstack\Samples\Sam #
#                          pleApp\CC2530DB\CoordinatorEB\List\ZMain.lst       #
#    Object file        =  C:\Users\Administrator\Desktop\Embed\day8\code\ZSt #
#                          ack-CC2530-2.3.0-1.4.0\Projects\zstack\Samples\Sam #
#                          pleApp\CC2530DB\CoordinatorEB\Obj\ZMain.r51        #
#                                                                             #
#                                                                             #
###############################################################################

C:\Users\Administrator\Desktop\Embed\day8\code\ZStack-CC2530-2.3.0-1.4.0\Projects\zstack\ZMain\TI2530DB\ZMain.c
      1          /**************************************************************************************************
      2            Filename:       ZMain.c
      3            Revised:        $Date: 2009-09-17 20:35:33 -0700 (Thu, 17 Sep 2009) $
      4            Revision:       $Revision: 20782 $
      5          
      6            Description:    Startup and shutdown code for ZStack
      7            Notes:          This version targets the Chipcon CC2530
      8          
      9          
     10            Copyright 2005-2009 Texas Instruments Incorporated. All rights reserved.
     11          
     12            IMPORTANT: Your use of this Software is limited to those specific rights
     13            granted under the terms of a software license agreement between the user
     14            who downloaded the software, his/her employer (which must be your employer)
     15            and Texas Instruments Incorporated (the "License").  You may not use this
     16            Software unless you agree to abide by the terms of the License. The License
     17            limits your use, and you acknowledge, that the Software may not be modified,
     18            copied or distributed unless embedded on a Texas Instruments microcontroller
     19            or used solely and exclusively in conjunction with a Texas Instruments radio
     20            frequency transceiver, which is integrated into your product.  Other than for
     21            the foregoing purpose, you may not use, reproduce, copy, prepare derivative
     22            works of, modify, distribute, perform, display or sell this Software and/or
     23            its documentation for any purpose.
     24          
     25            YOU FURTHER ACKNOWLEDGE AND AGREE THAT THE SOFTWARE AND DOCUMENTATION ARE
     26            PROVIDED AS IS?WITHOUT WARRANTY OF ANY KIND, EITHER EXPRESS OR IMPLIED,
     27            INCLUDING WITHOUT LIMITATION, ANY WARRANTY OF MERCHANTABILITY, TITLE,
     28            NON-INFRINGEMENT AND FITNESS FOR A PARTICULAR PURPOSE. IN NO EVENT SHALL
     29            TEXAS INSTRUMENTS OR ITS LICENSORS BE LIABLE OR OBLIGATED UNDER CONTRACT,
     30            NEGLIGENCE, STRICT LIABILITY, CONTRIBUTION, BREACH OF WARRANTY, OR OTHER
     31            LEGAL EQUITABLE THEORY ANY DIRECT OR INDIRECT DAMAGES OR EXPENSES
     32            INCLUDING BUT NOT LIMITED TO ANY INCIDENTAL, SPECIAL, INDIRECT, PUNITIVE
     33            OR CONSEQUENTIAL DAMAGES, LOST PROFITS OR LOST DATA, COST OF PROCUREMENT
     34            OF SUBSTITUTE GOODS, TECHNOLOGY, SERVICES, OR ANY CLAIMS BY THIRD PARTIES
     35            (INCLUDING BUT NOT LIMITED TO ANY DEFENSE THEREOF), OR OTHER SIMILAR COSTS.
     36          
     37            Should you have any questions regarding your right to use this Software,
     38            contact Texas Instruments Incorporated at www.TI.com.
     39          **************************************************************************************************/
     40          
     41          /*********************************************************************
     42           * INCLUDES
     43           */
     44          
     45          #include "ZComDef.h"
     46          #include "OSAL.h"
     47          #include "OSAL_Nv.h"
     48          #include "OnBoard.h"

   \                                 In  segment SFR_AN, at 0x8f
   \   unsigned char volatile __sfr P0INP
   \                     P0INP:
   \   000000                DS 1

   \                                 In  segment SFR_AN, at 0x90
   \   union <unnamed> volatile __sfr _A_P1
   \                     _A_P1:
   \   000000                DS 1

   \                                 In  segment SFR_AN, at 0x9d
   \   unsigned char volatile __sfr SLEEPSTA
   \                     SLEEPSTA:
   \   000000                DS 1

   \                                 In  segment SFR_AN, at 0x9e
   \   unsigned char volatile __sfr CLKCONSTA
   \                     CLKCONSTA:
   \   000000                DS 1

   \                                 In  segment SFR_AN, at 0xbe
   \   unsigned char volatile __sfr SLEEPCMD
   \                     SLEEPCMD:
   \   000000                DS 1

   \                                 In  segment SFR_AN, at 0xc6
   \   unsigned char volatile __sfr CLKCONCMD
   \                     CLKCONCMD:
   \   000000                DS 1

   \                                 In  segment SFR_AN, at 0xf4
   \   unsigned char volatile __sfr P1SEL
   \                     P1SEL:
   \   000000                DS 1

   \                                 In  segment SFR_AN, at 0xfe
   \   unsigned char volatile __sfr P1DIR
   \                     P1DIR:
   \   000000                DS 1
     49          #include "ZMAC.h"
     50          
     51          #ifndef NONWK
     52            #include "AF.h"
     53          #endif
     54          
     55          /* Hal */
     56          #include "hal_lcd.h"
     57          #include "hal_led.h"
     58          #include "hal_adc.h"
     59          #include "hal_drivers.h"
     60          #include "hal_assert.h"
     61          #include "hal_flash.h"
     62          
     63          /*********************************************************************
     64           * MACROS
     65           */
     66          
     67          /*********************************************************************
     68           * CONSTANTS
     69           */
     70          
     71          // Maximun number of Vdd samples checked before go on
     72          #define MAX_VDD_SAMPLES  3
     73          #define ZMAIN_VDD_LIMIT  HAL_ADC_VDD_LIMIT_4
     74          
     75          /*********************************************************************
     76           * TYPEDEFS
     77           */
     78          
     79          /*********************************************************************
     80           * GLOBAL VARIABLES
     81           */
     82          
     83          /*********************************************************************
     84           * EXTERNAL VARIABLES
     85           */
     86          
     87          /*********************************************************************
     88           * EXTERNAL FUNCTIONS
     89           */
     90          
     91          extern bool HalAdcCheckVdd (uint8 limit);
     92          
     93          /*********************************************************************
     94           * LOCAL VARIABLES
     95           */
     96          
     97          /*********************************************************************
     98           * LOCAL FUNCTIONS
     99           */
    100          
    101          static void zmain_dev_info( void );
    102          static void zmain_ext_addr( void );
    103          static void zmain_vdd_check( void );
    104          
    105          #ifdef LCD_SUPPORTED
    106          static void zmain_lcd_init( void );
    107          #endif
    108          
    109          /*********************************************************************
    110           * @fn      main
    111           * @brief   First function called after startup.
    112           * @return  don't care
    113           */
    114          
    115          //------------------LED status --------------------
    116          #define uint unsigned int
    117          #define uchar unsigned char
    118          
    119          
    120          #define LED1 P1_0 
    121          
    122          

   \                                 In  segment BANKED_CODE, align 1, keep-with-next
    123          int Delay(uint ms)
   \                     Delay:
    124          {
   \   000000                ; Saved register size: 0
   \   000000                ; Auto size: 0
    125             uint i,j;
    126              for(i=ms;i>0;i--)
   \   000000   EA           MOV     A,R2
   \   000001   F8           MOV     R0,A
   \   000002   EB           MOV     A,R3
   \   000003   8003         SJMP    ??CrossCallReturnLabel_5
    127               for(j=587;j>0;j--);   
   \                     ??Delay_0:
   \   000005   12....       LCALL   ?Subroutine2 & 0xFFFF
   \                     ??CrossCallReturnLabel_5:
   \   000008   F9           MOV     R1,A
   \   000009   E8           MOV     A,R0
   \   00000A   49           ORL     A,R1
   \   00000B   70F8         JNZ     ??Delay_0
    128          }
                 ^
Warning[Pe940]: missing return statement at end of non-void function "Delay"
   \   00000D   02....       LJMP    ?BRET

   \                                 In  segment BANKED_CODE, align 1, keep-with-next
   \                     ?Subroutine2:
   \   000000   E8           MOV     A,R0
   \   000001   24FF         ADD     A,#-0x1
   \   000003   18           DEC     R0
   \   000004   E9           MOV     A,R1
   \   000005   34FF         ADDC    A,#-0x1
   \   000007   22           RET
    129          
    130          

   \                                 In  segment BANKED_CODE, align 1, keep-with-next
    131           void Init(void)  //初始化引脚
   \                     Init:
    132          {
   \   000000                ; Saved register size: 0
   \   000000                ; Auto size: 0
    133            P1DIR |= 0x03;  
   \   000000   43FE03       ORL     0xfe,#0x3
    134            
    135            P1SEL =0x00;
   \   000003   75F400       MOV     0xf4,#0x0
    136            
    137            LED1 = 1;
   \   000006   D290         SETB    0x90.0
    138          
    139           
    140          }
   \   000008   02....       LJMP    ?BRET
   \   00000B                REQUIRE P1DIR
   \   00000B                REQUIRE P1SEL
   \   00000B                REQUIRE _A_P1
    141          
    142          
    143          //-----------------------------------------

   \                                 In  segment BANKED_CODE, align 1, keep-with-next
    144          int main( void )
   \                     main:
    145          {
   \   000000                ; Auto size: 0
    146            
    147            //Init led1 P1_0
    148            
    149            Init();
   \   000000                ; Setup parameters for call to function Init
   \   000000   12....       LCALL   ??Init?relay
    150            
    151            // Turn off interrupts
    152            osal_int_disable( INTS_ALL );  //关闭所有中断
   \   000003                ; Setup parameters for call to function osal_int_disable
   \   000003   79FF         MOV     R1,#-0x1
   \   000005   12....       LCALL   ??osal_int_disable?relay
    153          
    154            // Initialization for board related stuff such as LEDs
    155            HAL_BOARD_INIT();    //初始化系统
   \   000008   53BEFB       ANL     0xbe,#0xfb
   \                     ??main_0:
   \   00000B   E59D         MOV     A,0x9d
   \   00000D   A2E6         MOV     C,0xE0 /* A   */.6
   \   00000F   50FA         JNC     ??main_0
   \   000011   00           NOP
   \   000012   78F8         MOV     R0,#-0x8
   \   000014   7901         MOV     R1,#0x1
   \                     ??main_1:
   \   000016   00           NOP
   \   000017   12....       LCALL   ?Subroutine2 & 0xFFFF
   \                     ??CrossCallReturnLabel_6:
   \   00001A   F9           MOV     R1,A
   \   00001B   E8           MOV     A,R0
   \   00001C   49           ORL     A,R1
   \   00001D   70F7         JNZ     ??main_1
   \   00001F   75C600       MOV     0xc6,#0x0
   \                     ??main_2:
   \   000022   E59E         MOV     A,0x9e
   \   000024   70FC         JNZ     ??main_2
   \   000026   43BE04       ORL     0xbe,#0x4
   \   000029   906270       MOV     DPTR,#0x6270
   \   00002C   7408         MOV     A,#0x8
   \   00002E   F0           MOVX    @DPTR,A
   \   00002F   43FE01       ORL     0xfe,#0x1
   \   000032   43FE02       ORL     0xfe,#0x2
   \   000035   43FE10       ORL     0xfe,#0x10
   \   000038   438F01       ORL     0x8f,#0x1
    156          
    157            // Make sure supply voltage is high enough to run
    158            zmain_vdd_check(); //检查系统是否正常
   \   00003B                ; Setup parameters for call to function zmain_vdd_check
   \   00003B   12....       LCALL   ??zmain_vdd_check?relay
    159          
    160            // Initialize board I/O
    161            InitBoard( OB_COLD );  //初始化IO
   \   00003E                ; Setup parameters for call to function InitBoard
   \   00003E   7900         MOV     R1,#0x0
   \   000040   12....       LCALL   ??InitBoard?relay
    162          
    163            // Initialze HAL drivers
    164            HalDriverInit();  //初始化硬件设备
   \   000043                ; Setup parameters for call to function HalDriverInit
   \   000043   12....       LCALL   ??HalDriverInit?relay
    165          
    166            // Initialize NV System
    167            osal_nv_init( NULL );  //初始化系统模块
   \   000046                ; Setup parameters for call to function osal_nv_init
   \   000046   7A00         MOV     R2,#0x0
   \   000048   7B00         MOV     R3,#0x0
   \   00004A   12....       LCALL   ??osal_nv_init?relay
    168          
    169            // Initialize the MAC
    170            ZMacInit();   //初始化mac层，保证设备与协调器同步工作和休眠
   \   00004D                ; Setup parameters for call to function ZMacInit
   \   00004D   12....       LCALL   ??ZMacInit?relay
    171          
    172            // Determine the extended address
    173            zmain_ext_addr();   //确定通信协议标准802.11 64位地址
   \   000050                ; Setup parameters for call to function zmain_ext_addr
   \   000050   12....       LCALL   ??zmain_ext_addr?relay
    174          
    175            // Initialize basic NV items
    176            zgInit();
   \   000053                ; Setup parameters for call to function zgInit
   \   000053   12....       LCALL   ??zgInit?relay
    177          
    178          #ifndef NONWK
    179            // Since the AF isn't a task, call it's initialization routine
    180            afInit();
   \   000056                ; Setup parameters for call to function afInit
   \   000056   12....       LCALL   ??afInit?relay
    181          #endif
    182          
    183            
    184            
    185            // Initialize the operating system
    186            osal_init_system();
   \   000059                ; Setup parameters for call to function osal_init_system
   \   000059   12....       LCALL   ??osal_init_system?relay
    187          
    188            // Allow interrupts
    189            osal_int_enable( INTS_ALL );
   \   00005C                ; Setup parameters for call to function osal_int_enable
   \   00005C   79FF         MOV     R1,#-0x1
   \   00005E   12....       LCALL   ??osal_int_enable?relay
    190          
    191            // Final board initialization
    192            InitBoard( OB_READY );
   \   000061                ; Setup parameters for call to function InitBoard
   \   000061   7902         MOV     R1,#0x2
   \   000063   12....       LCALL   ??InitBoard?relay
    193          
    194            // Display information about this device
    195            zmain_dev_info();
   \   000066                ; Setup parameters for call to function zmain_dev_info
   \   000066   12....       LCALL   ??zmain_dev_info?relay
    196          
    197            /* Display the device info on the LCD */
    198          #ifdef LCD_SUPPORTED
    199            zmain_lcd_init(); 
   \   000069                ; Setup parameters for call to function HalLcdWriteString
   \   000069   7901         MOV     R1,#0x1
   \   00006B   7A..         MOV     R2,#`?<Constant "TexasInstruments">` & 0xff
   \   00006D   7B..         MOV     R3,#(`?<Constant "TexasInstruments">` >> 8) & 0xff
   \   00006F   12....       LCALL   ??HalLcdWriteString?relay
    200          #endif
    201          
    202          #ifdef WDT_IN_PM1
    203            /* If WDT is used, this is a good place to enable it. */
    204            WatchDogEnable( WDTIMX );
    205          #endif
    206          
    207            osal_start_system(); // 初始化应用层系统 No Return from here
   \   000072                ; Setup parameters for call to function osal_start_system
   \   000072   12....       LCALL   ??osal_start_system?relay
    208          
    209            return 0;  // Shouldn't get here.
   \   000075   7A00         MOV     R2,#0x0
   \   000077   7B00         MOV     R3,#0x0
   \   000079   02....       LJMP    ?BRET
   \   00007C                REQUIRE SLEEPCMD
   \   00007C                REQUIRE SLEEPSTA
   \   00007C                REQUIRE CLKCONCMD
   \   00007C                REQUIRE CLKCONSTA
   \   00007C                REQUIRE P1DIR
   \   00007C                REQUIRE P0INP
    210          } // main()
    211          
    212          /*********************************************************************
    213           * @fn      zmain_vdd_check
    214           * @brief   Check if the Vdd is OK to run the processor.
    215           * @return  Return if Vdd is ok; otherwise, flash LED, then reset
    216           *********************************************************************/

   \                                 In  segment BANKED_CODE, align 1, keep-with-next
    217          static void zmain_vdd_check( void )
   \                     zmain_vdd_check:
    218          {
   \   000000   74F7         MOV     A,#-0x9
   \   000002   12....       LCALL   ?BANKED_ENTER_XDATA
   \   000005                ; Saved register size: 9
   \   000005                ; Auto size: 0
    219            uint8 vdd_passed_count = 0;
   \   000005   7E00         MOV     R6,#0x0
    220            bool toggle = 0;
   \   000007   7F00         MOV     R7,#0x0
    221          
    222            // Repeat getting the sample until number of failures or successes hits MAX
    223            // then based on the count value, determine if the device is ready or not
    224            while ( vdd_passed_count < MAX_VDD_SAMPLES )
    225            {
    226              if ( HalAdcCheckVdd (ZMAIN_VDD_LIMIT) )
   \                     ??zmain_vdd_check_0:
   \   000009                ; Setup parameters for call to function HalAdcCheckVdd
   \   000009   7904         MOV     R1,#0x4
   \   00000B   12....       LCALL   ??HalAdcCheckVdd?relay
   \   00000E   E9           MOV     A,R1
   \   00000F   6019         JZ      ??zmain_vdd_check_1
    227              {
    228                vdd_passed_count++;    // Keep track # times Vdd passes in a row
   \   000011   0E           INC     R6
    229                MicroWait (10000);     // Wait 10ms to try again
   \   000012                ; Setup parameters for call to function Onboard_wait
   \   000012   7A10         MOV     R2,#0x10
   \   000014   7B27         MOV     R3,#0x27
   \   000016   12....       LCALL   ??Onboard_wait?relay
    230              }
    231              else
    232              {
    233                vdd_passed_count = 0;  // Reset passed counter
    234                MicroWait (50000);     // Wait 50ms
    235                MicroWait (50000);     // Wait another 50ms to try again
    236              }
    237          
    238              /* toggle LED1 and LED2 */
    239              if (vdd_passed_count == 0)
   \   000019   EE           MOV     A,R6
   \   00001A   601E         JZ      ??zmain_vdd_check_2
   \   00001C   C3           CLR     C
   \   00001D   9403         SUBB    A,#0x3
   \   00001F   40E8         JC      ??zmain_vdd_check_0
    240              {
    241                if ((toggle = !(toggle)))
    242                  HAL_TOGGLE_LED1();
    243                else
    244                  HAL_TOGGLE_LED2();
    245              }
    246            }
    247          
    248            /* turn off LED1 */
    249            HAL_TURN_OFF_LED1();
   \   000021   C290         CLR     0x90.0
    250            HAL_TURN_OFF_LED2();
   \   000023   C291         CLR     0x90.1
    251          }
   \   000025   7F01         MOV     R7,#0x1
   \   000027   02....       LJMP    ?BANKED_LEAVE_XDATA
   \                     ??zmain_vdd_check_1:
   \   00002A   7E00         MOV     R6,#0x0
   \   00002C                ; Setup parameters for call to function Onboard_wait
   \   00002C   7A50         MOV     R2,#0x50
   \   00002E   7BC3         MOV     R3,#-0x3d
   \   000030   12....       LCALL   ??Onboard_wait?relay
   \   000033                ; Setup parameters for call to function Onboard_wait
   \   000033   7A50         MOV     R2,#0x50
   \   000035   7BC3         MOV     R3,#-0x3d
   \   000037   12....       LCALL   ??Onboard_wait?relay
   \                     ??zmain_vdd_check_2:
   \   00003A   EF           MOV     A,R7
   \   00003B   700A         JNZ     ??zmain_vdd_check_3
   \   00003D   7F01         MOV     R7,#0x1
   \   00003F   A290         MOV     C,0x90.0
   \   000041   400E         JC      ??zmain_vdd_check_4
   \   000043   D290         SETB    0x90.0
   \   000045   80C2         SJMP    ??zmain_vdd_check_0
   \                     ??zmain_vdd_check_3:
   \   000047   7F00         MOV     R7,#0x0
   \   000049   A291         MOV     C,0x90.1
   \   00004B   4008         JC      ??zmain_vdd_check_5
   \   00004D   D291         SETB    0x90.1
   \   00004F   80B8         SJMP    ??zmain_vdd_check_0
   \                     ??zmain_vdd_check_4:
   \   000051   C290         CLR     0x90.0
   \   000053   80B4         SJMP    ??zmain_vdd_check_0
   \                     ??zmain_vdd_check_5:
   \   000055   C291         CLR     0x90.1
   \   000057   80B0         SJMP    ??zmain_vdd_check_0
   \   000059                REQUIRE _A_P1
    252          
    253          /**************************************************************************************************
    254           * @fn          zmain_ext_addr
    255           *
    256           * @brief       Execute a prioritized search for a valid extended address and write the results
    257           *              into the OSAL NV system for use by the system. Temporary address not saved to NV.
    258           *
    259           * input parameters
    260           *
    261           * None.
    262           *
    263           * output parameters
    264           *
    265           * None.
    266           *
    267           * @return      None.
    268           **************************************************************************************************
    269           */

   \                                 In  segment BANKED_CODE, align 1, keep-with-next
    270          static void zmain_ext_addr(void)
   \                     zmain_ext_addr:
    271          {
   \   000000   74EE         MOV     A,#-0x12
   \   000002   12....       LCALL   ?BANKED_ENTER_XDATA
   \   000005                ; Saved register size: 18
   \   000005                ; Auto size: 8
   \   000005   74F8         MOV     A,#-0x8
   \   000007   12....       LCALL   ?ALLOC_XSTACK8
    272            uint8 nullAddr[Z_EXTADDR_LEN] = {0xFF, 0xFF, 0xFF, 0xFF, 0xFF, 0xFF, 0xFF, 0xFF};
   \   00000A   85..82       MOV     DPL,?XSP + 0
   \   00000D   85..83       MOV     DPH,?XSP + 1
   \   000010   AC82         MOV     R4,DPL
   \   000012   AD83         MOV     R5,DPH
   \   000014   7583..       MOV     DPH,#(`?<Constant {255, 255, 255, 255, 255, 255, 255,` >> 8) & 0xff
   \   000017   7582..       MOV     DPL,#`?<Constant {255, 255, 255, 255, 255, 255, 255,` & 0xff
   \   00001A   7408         MOV     A,#0x8
   \   00001C   12....       LCALL   ?MOVE_LONG8_XDATA_XDATA
    273            uint8 writeNV = TRUE;
    274          
    275            // First check whether a non-erased extended address exists in the OSAL NV.
    276            if ((SUCCESS != osal_nv_item_init(ZCD_NV_EXTADDR, Z_EXTADDR_LEN, NULL))  ||
    277                (SUCCESS != osal_nv_read(ZCD_NV_EXTADDR, 0, Z_EXTADDR_LEN, aExtendedAddress)) ||
    278                (osal_memcmp(aExtendedAddress, nullAddr, Z_EXTADDR_LEN)))
   \   00001F   75....       MOV     ?V0 + 0,#aExtendedAddress & 0xff
   \   000022   75....       MOV     ?V0 + 1,#(aExtendedAddress >> 8) & 0xff
   \   000025   F5..         MOV     ?V0 + 2,A
   \   000027   85..82       MOV     DPL,?XSP + 0
   \   00002A   85..83       MOV     DPH,?XSP + 1
   \   00002D   A982         MOV     R1,DPL
   \   00002F   AA83         MOV     R2,DPH
   \   000031   89..         MOV     ?V0 + 4,R1
   \   000033   8A..         MOV     ?V0 + 5,R2
   \   000035   F5..         MOV     ?V0 + 6,A
   \   000037                ; Setup parameters for call to function osal_nv_item_init
   \   000037   F5..         MOV     ?V0 + 8,A
   \   000039   F5..         MOV     ?V0 + 9,A
   \   00003B   78..         MOV     R0,#?V0 + 8
   \   00003D   12....       LCALL   ?PUSH_XSTACK_I_TWO
   \   000040   7C08         MOV     R4,#0x8
   \   000042   7D00         MOV     R5,#0x0
   \   000044   7A01         MOV     R2,#0x1
   \   000046   7B00         MOV     R3,#0x0
   \   000048   12....       LCALL   ??osal_nv_item_init?relay
   \   00004B   7402         MOV     A,#0x2
   \   00004D   12....       LCALL   ?DEALLOC_XSTACK8
   \   000050   E9           MOV     A,R1
   \   000051   7046         JNZ     ??zmain_ext_addr_0
   \   000053                ; Setup parameters for call to function osal_nv_read
   \   000053   75....       MOV     ?V0 + 8,#aExtendedAddress & 0xff
   \   000056   75....       MOV     ?V0 + 9,#(aExtendedAddress >> 8) & 0xff
   \   000059   78..         MOV     R0,#?V0 + 8
   \   00005B   12....       LCALL   ?PUSH_XSTACK_I_TWO
   \   00005E   75..08       MOV     ?V0 + 8,#0x8
   \   000061   75..00       MOV     ?V0 + 9,#0x0
   \   000064   78..         MOV     R0,#?V0 + 8
   \   000066   12....       LCALL   ?PUSH_XSTACK_I_TWO
   \   000069   7C00         MOV     R4,#0x0
   \   00006B   7D00         MOV     R5,#0x0
   \   00006D   7A01         MOV     R2,#0x1
   \   00006F   7B00         MOV     R3,#0x0
   \   000071   12....       LCALL   ??osal_nv_read?relay
   \   000074   7404         MOV     A,#0x4
   \   000076   12....       LCALL   ?DEALLOC_XSTACK8
   \   000079   E9           MOV     A,R1
   \   00007A   701D         JNZ     ??zmain_ext_addr_0
   \   00007C                ; Setup parameters for call to function osal_memcmp
   \   00007C   78..         MOV     R0,#?V0 + 4
   \   00007E   12....       LCALL   ?PUSH_XSTACK_I_THREE
   \   000081   7C08         MOV     R4,#0x8
   \   000083   7D00         MOV     R5,#0x0
   \   000085   A9..         MOV     R1,?V0 + 0
   \   000087   AA..         MOV     R2,?V0 + 1
   \   000089   AB..         MOV     R3,?V0 + 2
   \   00008B   12....       LCALL   ??osal_memcmp?relay
   \   00008E   7403         MOV     A,#0x3
   \   000090   12....       LCALL   ?DEALLOC_XSTACK8
   \   000093   E9           MOV     A,R1
   \   000094   7003         JNZ     $+5
   \   000096   02....       LJMP    ??zmain_ext_addr_1 & 0xFFFF
    279            {
    280              // Attempt to read the extended address from the location on the lock bits page
    281              // where the programming tools know to reserve it.
    282              HalFlashRead(HAL_FLASH_IEEE_PAGE, HAL_FLASH_IEEE_OSET, aExtendedAddress, Z_EXTADDR_LEN);
   \                     ??zmain_ext_addr_0:
   \   000099                ; Setup parameters for call to function HalFlashRead
   \   000099   75..08       MOV     ?V0 + 8,#0x8
   \   00009C   78..         MOV     R0,#?V0 + 8
   \   00009E   12....       LCALL   ?PUSH_XSTACK_I_TWO
   \   0000A1   7C..         MOV     R4,#aExtendedAddress & 0xff
   \   0000A3   7D..         MOV     R5,#(aExtendedAddress >> 8) & 0xff
   \   0000A5   7AE8         MOV     R2,#-0x18
   \   0000A7   7B07         MOV     R3,#0x7
   \   0000A9   797F         MOV     R1,#0x7f
   \   0000AB   12....       LCALL   ??HalFlashRead?relay
   \   0000AE   7402         MOV     A,#0x2
   \   0000B0   12....       LCALL   ?DEALLOC_XSTACK8
    283          
    284              if (osal_memcmp(aExtendedAddress, nullAddr, Z_EXTADDR_LEN))
   \   0000B3                ; Setup parameters for call to function osal_memcmp
   \   0000B3   78..         MOV     R0,#?V0 + 4
   \   0000B5   12....       LCALL   ?PUSH_XSTACK_I_THREE
   \   0000B8   7C08         MOV     R4,#0x8
   \   0000BA   7D00         MOV     R5,#0x0
   \   0000BC   A9..         MOV     R1,?V0 + 0
   \   0000BE   AA..         MOV     R2,?V0 + 1
   \   0000C0   AB..         MOV     R3,?V0 + 2
   \   0000C2   12....       LCALL   ??osal_memcmp?relay
   \   0000C5   7403         MOV     A,#0x3
   \   0000C7   12....       LCALL   ?DEALLOC_XSTACK8
   \   0000CA   E9           MOV     A,R1
   \   0000CB   6035         JZ      ??zmain_ext_addr_2
    285              {
    286                // Attempt to read the extended address from the designated location in the Info Page.
    287                if (!osal_memcmp((uint8 *)(P_INFOPAGE+HAL_INFOP_IEEE_OSET), nullAddr, Z_EXTADDR_LEN))
   \   0000CD                ; Setup parameters for call to function osal_memcmp
   \   0000CD   78..         MOV     R0,#?V0 + 4
   \   0000CF   12....       LCALL   ?PUSH_XSTACK_I_THREE
   \   0000D2   7C08         MOV     R4,#0x8
   \   0000D4   7D00         MOV     R5,#0x0
   \   0000D6   790C         MOV     R1,#0xc
   \   0000D8   7A78         MOV     R2,#0x78
   \   0000DA   7B00         MOV     R3,#0x0
   \   0000DC   12....       LCALL   ??osal_memcmp?relay
   \   0000DF   7403         MOV     A,#0x3
   \   0000E1   12....       LCALL   ?DEALLOC_XSTACK8
   \   0000E4   E9           MOV     A,R1
   \   0000E5   7054         JNZ     ??zmain_ext_addr_3
    288                {
    289                  osal_memcpy(aExtendedAddress, (uint8 *)(P_INFOPAGE+HAL_INFOP_IEEE_OSET), Z_EXTADDR_LEN);
   \   0000E7                ; Setup parameters for call to function osal_memcpy
   \   0000E7   75..0C       MOV     ?V0 + 0,#0xc
   \   0000EA   75..78       MOV     ?V0 + 1,#0x78
   \   0000ED   78..         MOV     R0,#?V0 + 0
   \   0000EF   12....       LCALL   ?PUSH_XSTACK_I_THREE
   \   0000F2   7C08         MOV     R4,#0x8
   \   0000F4   7D00         MOV     R5,#0x0
   \   0000F6   7A..         MOV     R2,#aExtendedAddress & 0xff
   \   0000F8   7B..         MOV     R3,#(aExtendedAddress >> 8) & 0xff
   \   0000FA   12....       LCALL   ??osal_memcpy?relay
   \   0000FD   7403         MOV     A,#0x3
   \   0000FF   12....       LCALL   ?DEALLOC_XSTACK8
    290                }
    291                else  // No valid extended address was found.
    292                {
    293                  uint8 idx;
    294                  
    295          #if !defined ( NV_RESTORE )
    296                  writeNV = FALSE;  // Make this a temporary IEEE address
    297          #endif
    298          
    299                  /* Attempt to create a sufficiently random extended address for expediency.
    300                   * Note: this is only valid/legal in a test environment and
    301                   *       must never be used for a commercial product.
    302                   */
    303                  for (idx = 0; idx < (Z_EXTADDR_LEN - 2);)
    304                  {
    305                    uint16 randy = osal_rand();
    306                    aExtendedAddress[idx++] = LO_UINT16(randy);
    307                    aExtendedAddress[idx++] = HI_UINT16(randy);
    308                  }
    309                  // Next-to-MSB identifies ZigBee devicetype.
    310          #if ZG_BUILD_COORDINATOR_TYPE && !ZG_BUILD_JOINING_TYPE
    311                  aExtendedAddress[idx++] = 0x10;
    312          #elif ZG_BUILD_RTRONLY_TYPE
    313                  aExtendedAddress[idx++] = 0x20;
    314          #else
    315                  aExtendedAddress[idx++] = 0x30;
    316          #endif
    317                  // MSB has historical signficance.
    318                  aExtendedAddress[idx] = 0xF8;
    319                }
    320              }
    321          
    322              if (writeNV)
    323              {
    324                (void)osal_nv_write(ZCD_NV_EXTADDR, 0, Z_EXTADDR_LEN, aExtendedAddress);
   \                     ??zmain_ext_addr_2:
   \   000102                ; Setup parameters for call to function osal_nv_write
   \   000102   75....       MOV     ?V0 + 0,#aExtendedAddress & 0xff
   \   000105   75....       MOV     ?V0 + 1,#(aExtendedAddress >> 8) & 0xff
   \   000108   78..         MOV     R0,#?V0 + 0
   \   00010A   12....       LCALL   ?PUSH_XSTACK_I_TWO
   \   00010D   75..08       MOV     ?V0 + 0,#0x8
   \   000110   75..00       MOV     ?V0 + 1,#0x0
   \   000113   78..         MOV     R0,#?V0 + 0
   \   000115   12....       LCALL   ?PUSH_XSTACK_I_TWO
   \   000118   7C00         MOV     R4,#0x0
   \   00011A   7D00         MOV     R5,#0x0
   \   00011C   7A01         MOV     R2,#0x1
   \   00011E   7B00         MOV     R3,#0x0
   \   000120   12....       LCALL   ??osal_nv_write?relay
   \   000123   7404         MOV     A,#0x4
   \   000125   12....       LCALL   ?DEALLOC_XSTACK8
    325              }
    326            }
    327          
    328            // Set the MAC PIB extended address according to results from above.
    329            (void)ZMacSetReq(MAC_EXTENDED_ADDRESS, aExtendedAddress);
   \                     ??zmain_ext_addr_1:
   \   000128                ; Setup parameters for call to function ZMacSetReq
   \   000128   7A..         MOV     R2,#aExtendedAddress & 0xff
   \   00012A   7B..         MOV     R3,#(aExtendedAddress >> 8) & 0xff
   \   00012C   79E2         MOV     R1,#-0x1e
   \   00012E   12....       LCALL   ??ZMacSetReq?relay
    330          }
   \   000131   7408         MOV     A,#0x8
   \   000133   12....       LCALL   ?DEALLOC_XSTACK8
   \   000136   7F0A         MOV     R7,#0xa
   \   000138   02....       LJMP    ?BANKED_LEAVE_XDATA
   \                     ??zmain_ext_addr_3:
   \   00013B   7E00         MOV     R6,#0x0
   \                     ??zmain_ext_addr_4:
   \   00013D                ; Setup parameters for call to function osal_rand
   \   00013D   12....       LCALL   ??osal_rand?relay
   \   000140   8A..         MOV     ?V0 + 0,R2
   \   000142   A8..         MOV     R0,?V0 + 0
   \   000144   12....       LCALL   ?Subroutine0 & 0xFFFF
   \                     ??CrossCallReturnLabel_0:
   \   000147   E8           MOV     A,R0
   \   000148   F0           MOVX    @DPTR,A
   \   000149   0E           INC     R6
   \   00014A   12....       LCALL   ?Subroutine0 & 0xFFFF
   \                     ??CrossCallReturnLabel_1:
   \   00014D   EB           MOV     A,R3
   \   00014E   F0           MOVX    @DPTR,A
   \   00014F   0E           INC     R6
   \   000150   EE           MOV     A,R6
   \   000151   C3           CLR     C
   \   000152   9406         SUBB    A,#0x6
   \   000154   40E7         JC      ??zmain_ext_addr_4
   \   000156   12....       LCALL   ?Subroutine0 & 0xFFFF
   \                     ??CrossCallReturnLabel_2:
   \   000159   7410         MOV     A,#0x10
   \   00015B   F0           MOVX    @DPTR,A
   \   00015C   7401         MOV     A,#0x1
   \   00015E   2E           ADD     A,R6
   \   00015F   F8           MOV     R0,A
   \   000160   74..         MOV     A,#aExtendedAddress & 0xff
   \   000162   28           ADD     A,R0
   \   000163   F582         MOV     DPL,A
   \   000165   74..         MOV     A,#(aExtendedAddress >> 8) & 0xff
   \   000167   3400         ADDC    A,#0x0
   \   000169   F583         MOV     DPH,A
   \   00016B   74F8         MOV     A,#-0x8
   \   00016D   F0           MOVX    @DPTR,A
   \   00016E   80B8         SJMP    ??zmain_ext_addr_1

   \                                 In  segment BANKED_CODE, align 1, keep-with-next
   \                     ?Subroutine0:
   \   000000   8E..         MOV     ?V0 + 0,R6
   \   000002   74..         MOV     A,#aExtendedAddress & 0xff
   \   000004   25..         ADD     A,?V0 + 0
   \   000006   F582         MOV     DPL,A
   \   000008   74..         MOV     A,#(aExtendedAddress >> 8) & 0xff
   \   00000A   3400         ADDC    A,#0x0
   \   00000C   F583         MOV     DPH,A
   \   00000E   22           RET
    331          
    332          /**************************************************************************************************
    333           * @fn          zmain_dev_info
    334           *
    335           * @brief       This displays the IEEE (MSB to LSB) on the LCD.
    336           *
    337           * input parameters
    338           *
    339           * None.
    340           *
    341           * output parameters
    342           *
    343           * None.
    344           *
    345           * @return      None.
    346           **************************************************************************************************
    347           */

   \                                 In  segment BANKED_CODE, align 1, keep-with-next
    348          static void zmain_dev_info(void)
   \                     zmain_dev_info:
    349          {
   \   000000   74F6         MOV     A,#-0xa
   \   000002   12....       LCALL   ?BANKED_ENTER_XDATA
   \   000005                ; Saved register size: 10
   \   000005                ; Auto size: 17
   \   000005   74EF         MOV     A,#-0x11
   \   000007   12....       LCALL   ?ALLOC_XSTACK8
    350          #ifdef LCD_SUPPORTED
    351            uint8 i;
    352            uint8 *xad;
    353            uint8 lcd_buf[Z_EXTADDR_LEN*2+1];
    354          
    355            // Display the extended address.
    356            xad = aExtendedAddress + Z_EXTADDR_LEN - 1;
   \   00000A   78..         MOV     R0,#(aExtendedAddress + 7) & 0xff
   \   00000C   79..         MOV     R1,#((aExtendedAddress + 7) >> 8) & 0xff
    357          
    358            for (i = 0; i < Z_EXTADDR_LEN*2; xad--)
   \   00000E   7C00         MOV     R4,#0x0
    359            {
    360              uint8 ch;
    361              ch = (*xad >> 4) & 0x0F;
   \                     ??zmain_dev_info_0:
   \   000010   8882         MOV     DPL,R0
   \   000012   8983         MOV     DPH,R1
   \   000014   E0           MOVX    A,@DPTR
   \   000015   C4           SWAP    A
   \   000016   540F         ANL     A,#0xf
   \   000018   FD           MOV     R5,A
    362              lcd_buf[i++] = ch + (( ch < 10 ) ? '0' : '7');
   \   000019   EC           MOV     A,R4
   \   00001A   FE           MOV     R6,A
   \   00001B   0C           INC     R4
   \   00001C   ED           MOV     A,R5
   \   00001D   C3           CLR     C
   \   00001E   940A         SUBB    A,#0xa
   \   000020   5004         JNC     ??zmain_dev_info_1
   \   000022   7A30         MOV     R2,#0x30
   \   000024   8002         SJMP    ??zmain_dev_info_2
   \                     ??zmain_dev_info_1:
   \   000026   7A37         MOV     R2,#0x37
   \                     ??zmain_dev_info_2:
   \   000028   EA           MOV     A,R2
   \   000029   2D           ADD     A,R5
   \   00002A   C0E0         PUSH    A
   \   00002C   8E..         MOV     ?V0 + 0,R6
   \   00002E   12....       LCALL   ?Subroutine1 & 0xFFFF
   \                     ??CrossCallReturnLabel_3:
   \   000031   D0E0         POP     A
   \   000033   F0           MOVX    @DPTR,A
    363              ch = *xad & 0x0F;
   \   000034   8882         MOV     DPL,R0
   \   000036   8983         MOV     DPH,R1
   \   000038   E0           MOVX    A,@DPTR
   \   000039   540F         ANL     A,#0xf
   \   00003B   FD           MOV     R5,A
    364              lcd_buf[i++] = ch + (( ch < 10 ) ? '0' : '7');
   \   00003C   EC           MOV     A,R4
   \   00003D   FF           MOV     R7,A
   \   00003E   0C           INC     R4
   \   00003F   ED           MOV     A,R5
   \   000040   C3           CLR     C
   \   000041   940A         SUBB    A,#0xa
   \   000043   5004         JNC     ??zmain_dev_info_3
   \   000045   7A30         MOV     R2,#0x30
   \   000047   8002         SJMP    ??zmain_dev_info_4
   \                     ??zmain_dev_info_3:
   \   000049   7A37         MOV     R2,#0x37
   \                     ??zmain_dev_info_4:
   \   00004B   EA           MOV     A,R2
   \   00004C   2D           ADD     A,R5
   \   00004D   C0E0         PUSH    A
   \   00004F   8F..         MOV     ?V0 + 0,R7
   \   000051   12....       LCALL   ?Subroutine1 & 0xFFFF
    365            }
   \                     ??CrossCallReturnLabel_4:
   \   000054   D0E0         POP     A
   \   000056   F0           MOVX    @DPTR,A
   \   000057   12....       LCALL   ?Subroutine2 & 0xFFFF
   \                     ??CrossCallReturnLabel_7:
   \   00005A   F9           MOV     R1,A
   \   00005B   EC           MOV     A,R4
   \   00005C   C3           CLR     C
   \   00005D   9410         SUBB    A,#0x10
   \   00005F   40AF         JC      ??zmain_dev_info_0
    366            lcd_buf[Z_EXTADDR_LEN*2] = '\0';
   \   000061   7410         MOV     A,#0x10
   \   000063   12....       LCALL   ?XSTACK_DISP0_8
   \   000066   E4           CLR     A
   \   000067   F0           MOVX    @DPTR,A
    367            HalLcdWriteString( "IEEE: ", HAL_LCD_LINE_1 );
   \   000068                ; Setup parameters for call to function HalLcdWriteString
   \   000068   7901         MOV     R1,#0x1
   \   00006A   7A..         MOV     R2,#`?<Constant "IEEE: ">` & 0xff
   \   00006C   7B..         MOV     R3,#(`?<Constant "IEEE: ">` >> 8) & 0xff
   \   00006E   12....       LCALL   ??HalLcdWriteString?relay
    368            HalLcdWriteString( (char*)lcd_buf, HAL_LCD_LINE_2 );
   \   000071                ; Setup parameters for call to function HalLcdWriteString
   \   000071   7902         MOV     R1,#0x2
   \   000073   85..82       MOV     DPL,?XSP + 0
   \   000076   85..83       MOV     DPH,?XSP + 1
   \   000079   AA82         MOV     R2,DPL
   \   00007B   AB83         MOV     R3,DPH
   \   00007D   12....       LCALL   ??HalLcdWriteString?relay
    369          #endif
    370          }
   \   000080   7411         MOV     A,#0x11
   \   000082   12....       LCALL   ?DEALLOC_XSTACK8
   \   000085   7F02         MOV     R7,#0x2
   \   000087   02....       LJMP    ?BANKED_LEAVE_XDATA

   \                                 In  segment BANKED_CODE, align 1, keep-with-next
   \                     ?Subroutine1:
   \   000000   85..82       MOV     DPL,?XSP + 0
   \   000003   85..83       MOV     DPH,?XSP + 1
   \   000006   E582         MOV     A,DPL
   \   000008   25..         ADD     A,?V0 + 0
   \   00000A   F582         MOV     DPL,A
   \   00000C   E583         MOV     A,DPH
   \   00000E   3400         ADDC    A,#0x0
   \   000010   F583         MOV     DPH,A
   \   000012   22           RET

   \                                 In  segment BANK_RELAYS, align 1
   \                     ??Delay?relay:
   \   000000   12....       LCALL   ?BDISPATCH
   \   000003   ......       DC24    Delay

   \                                 In  segment BANK_RELAYS, align 1
   \                     ??Init?relay:
   \   000000   12....       LCALL   ?BDISPATCH
   \   000003   ......       DC24    Init

   \                                 In  segment BANK_RELAYS, align 1
   \                     ??main?relay:
   \   000000   12....       LCALL   ?BDISPATCH
   \   000003   ......       DC24    main

   \                                 In  segment BANK_RELAYS, align 1
   \                     ??zmain_vdd_check?relay:
   \   000000   12....       LCALL   ?BDISPATCH
   \   000003   ......       DC24    zmain_vdd_check

   \                                 In  segment BANK_RELAYS, align 1
   \                     ??zmain_ext_addr?relay:
   \   000000   12....       LCALL   ?BDISPATCH
   \   000003   ......       DC24    zmain_ext_addr

   \                                 In  segment BANK_RELAYS, align 1
   \                     ??zmain_dev_info?relay:
   \   000000   12....       LCALL   ?BDISPATCH
   \   000003   ......       DC24    zmain_dev_info

   \                                 In  segment XDATA_ROM_C, align 1
   \                     `?<Constant {255, 255, 255, 255, 255, 255, 255,`:
   \   000000   FF           DB 255
   \   000001   FF           DB 255
   \   000002   FF           DB 255
   \   000003   FF           DB 255
   \   000004   FF           DB 255
   \   000005   FF           DB 255
   \   000006   FF           DB 255
   \   000007   FF           DB 255

   \                                 In  segment XDATA_ROM_C, align 1
   \                     `?<Constant "IEEE: ">`:
   \   000000   49454545     DB "IEEE: "
   \            3A2000  

   \                                 In  segment XDATA_ROM_C, align 1
   \                     `?<Constant "TexasInstruments">`:
   \   000000   54657861     DB "TexasInstruments"
   \            73496E73
   \            7472756D
   \            656E7473
   \            00      
    371          
    372          #ifdef LCD_SUPPORTED
    373          /*********************************************************************
    374           * @fn      zmain_lcd_init
    375           * @brief   Initialize LCD at start up.
    376           * @return  none
    377           *********************************************************************/
    378          static void zmain_lcd_init ( void )
    379          {
    380          #ifdef SERIAL_DEBUG_SUPPORTED
    381            {
    382              HalLcdWriteString( "TexasInstruments", HAL_LCD_LINE_1 );
    383          
    384          #if defined( MT_MAC_FUNC )
    385          #if defined( ZDO_COORDINATOR )
    386                HalLcdWriteString( "MAC-MT Coord", HAL_LCD_LINE_2 );
    387          #else
    388                HalLcdWriteString( "MAC-MT Device", HAL_LCD_LINE_2 );
    389          #endif // ZDO
    390          #elif defined( MT_NWK_FUNC )
    391          #if defined( ZDO_COORDINATOR )
    392                HalLcdWriteString( "NWK Coordinator", HAL_LCD_LINE_2 );
    393          #else
    394                HalLcdWriteString( "NWK Device", HAL_LCD_LINE_2 );
    395          #endif // ZDO
    396          #endif // MT_FUNC
    397            }
    398          #endif // SERIAL_DEBUG_SUPPORTED
    399          }
    400          #endif
    401          
    402          /*********************************************************************
    403          *********************************************************************/

   Maximum stack usage in bytes:

     Function               ISTACK PSTACK XSTACK
     --------               ------ ------ ------
     Delay                      0      0      0
     Init                       0      0      0
     main                       0      0      0
       -> Init                  0      0      0
       -> osal_int_disable      0      0      0
       -> zmain_vdd_check       0      0      0
       -> InitBoard             0      0      0
       -> HalDriverInit         0      0      0
       -> osal_nv_init          0      0      0
       -> ZMacInit              0      0      0
       -> zmain_ext_addr        0      0      0
       -> zgInit                0      0      0
       -> afInit                0      0      0
       -> osal_init_system      0      0      0
       -> osal_int_enable       0      0      0
       -> InitBoard             0      0      0
       -> zmain_dev_info        0      0      0
       -> HalLcdWriteString     0      0      0
       -> osal_start_system     0      0      0
     zmain_dev_info             1      0     27
       -> HalLcdWriteString     0      0     54
       -> HalLcdWriteString     0      0     54
     zmain_ext_addr             2      0     30
       -> osal_nv_item_init     0      0     56
       -> osal_nv_read          0      0     60
       -> osal_memcmp           0      0     58
       -> HalFlashRead          0      0     56
       -> osal_memcmp           0      0     58
       -> osal_memcmp           0      0     58
       -> osal_memcpy           0      0     58
       -> osal_nv_write         0      0     60
       -> ZMacSetReq            0      0     52
       -> osal_rand             0      0     52
     zmain_vdd_check            0      0      9
       -> HalAdcCheckVdd        0      0     18
       -> Onboard_wait          0      0     18
       -> Onboard_wait          0      0     18
       -> Onboard_wait          0      0     18


   Segment part sizes:

     Function/Label                                 Bytes
     --------------                                 -----
     P0INP                                             1
     _A_P1                                             1
     SLEEPSTA                                          1
     CLKCONSTA                                         1
     SLEEPCMD                                          1
     CLKCONCMD                                         1
     P1SEL                                             1
     P1DIR                                             1
     Delay                                            16
     ?Subroutine2                                      8
     Init                                             11
     main                                            124
     zmain_vdd_check                                  89
     zmain_ext_addr                                  368
     ?Subroutine0                                     15
     zmain_dev_info                                  138
     ?Subroutine1                                     19
     ??Delay?relay                                     6
     ??Init?relay                                      6
     ??main?relay                                      6
     ??zmain_vdd_check?relay                           6
     ??zmain_ext_addr?relay                            6
     ??zmain_dev_info?relay                            6
     ?<Constant {255, 255, 255, 255, 255, 255, 255,    8
     ?<Constant "IEEE: ">                              7
     ?<Constant "TexasInstruments">                   17

 
 788 bytes in segment BANKED_CODE
  36 bytes in segment BANK_RELAYS
   8 bytes in segment SFR_AN
  32 bytes in segment XDATA_ROM_C
 
 824 bytes of CODE  memory
  32 bytes of CONST memory
   0 bytes of DATA  memory (+ 8 bytes shared)

Errors: none
Warnings: 1
